[0.111s] Invoking command in '/home/pi/turtlebot3_ws/build/turtlebot3_bringup': CMAKE_PREFIX_PATH=/home/pi/turtlebot3_ws/install/turtlebot3_node:/home/pi/turtlebot3_ws/install/turtlebot3_description:/home/pi/turtlebot3_ws/install/turtlebot3:/home/pi/turtlebot3_ws/install/turtlebot3_bringup:/home/pi/turtlebot3_ws/install/ld08_driver:/home/pi/turtlebot3_ws/install/turtlebot3_teleop:/home/pi/turtlebot3_ws/install/turtlebot3_example:/opt/ros/humble /usr/bin/cmake /home/pi/turtlebot3_ws/src/turtlebot3/turtlebot3_bringup -DAMENT_CMAKE_SYMLINK_INSTALL=1 -DCMAKE_INSTALL_PREFIX=/home/pi/turtlebot3_ws/install/turtlebot3_bringup
[1.527s] -- The C compiler identification is GNU 11.4.0
[2.075s] -- The CXX compiler identification is GNU 11.4.0
[4.370s] -- Detecting C compiler ABI info
[5.087s] -- Detecting C compiler ABI info - done
[5.145s] -- Check for working C compiler: /usr/bin/cc - skipped
[5.149s] -- Detecting C compile features
[5.156s] -- Detecting C compile features - done
[5.192s] -- Detecting CXX compiler ABI info
[5.943s] -- Detecting CXX compiler ABI info - done
[6.002s] -- Check for working CXX compiler: /usr/bin/c++ - skipped
[6.004s] -- Detecting CXX compile features
[6.008s] -- Detecting CXX compile features - done
[6.112s] -- Found ament_cmake: 1.3.5 (/opt/ros/humble/share/ament_cmake/cmake)
[8.009s] -- Found Python3: /usr/bin/python3.10 (found version "3.10.12") found components: Interpreter 
[9.045s] -- Override CMake install command with custom implementation using symlinks instead of copying resources
[10.463s] -- Configuring done
[10.497s] -- Generating done
[10.505s] -- Build files have been written to: /home/pi/turtlebot3_ws/build/turtlebot3_bringup
[10.539s] Invoked command in '/home/pi/turtlebot3_ws/build/turtlebot3_bringup' returned '0': CMAKE_PREFIX_PATH=/home/pi/turtlebot3_ws/install/turtlebot3_node:/home/pi/turtlebot3_ws/install/turtlebot3_description:/home/pi/turtlebot3_ws/install/turtlebot3:/home/pi/turtlebot3_ws/install/turtlebot3_bringup:/home/pi/turtlebot3_ws/install/ld08_driver:/home/pi/turtlebot3_ws/install/turtlebot3_teleop:/home/pi/turtlebot3_ws/install/turtlebot3_example:/opt/ros/humble /usr/bin/cmake /home/pi/turtlebot3_ws/src/turtlebot3/turtlebot3_bringup -DAMENT_CMAKE_SYMLINK_INSTALL=1 -DCMAKE_INSTALL_PREFIX=/home/pi/turtlebot3_ws/install/turtlebot3_bringup
[10.606s] Invoking command in '/home/pi/turtlebot3_ws/build/turtlebot3_bringup': CMAKE_PREFIX_PATH=/home/pi/turtlebot3_ws/install/turtlebot3_node:/home/pi/turtlebot3_ws/install/turtlebot3_description:/home/pi/turtlebot3_ws/install/turtlebot3:/home/pi/turtlebot3_ws/install/turtlebot3_bringup:/home/pi/turtlebot3_ws/install/ld08_driver:/home/pi/turtlebot3_ws/install/turtlebot3_teleop:/home/pi/turtlebot3_ws/install/turtlebot3_example:/opt/ros/humble /usr/bin/cmake --build /home/pi/turtlebot3_ws/build/turtlebot3_bringup -- -j4 -l4
[10.871s] Invoked command in '/home/pi/turtlebot3_ws/build/turtlebot3_bringup' returned '0': CMAKE_PREFIX_PATH=/home/pi/turtlebot3_ws/install/turtlebot3_node:/home/pi/turtlebot3_ws/install/turtlebot3_description:/home/pi/turtlebot3_ws/install/turtlebot3:/home/pi/turtlebot3_ws/install/turtlebot3_bringup:/home/pi/turtlebot3_ws/install/ld08_driver:/home/pi/turtlebot3_ws/install/turtlebot3_teleop:/home/pi/turtlebot3_ws/install/turtlebot3_example:/opt/ros/humble /usr/bin/cmake --build /home/pi/turtlebot3_ws/build/turtlebot3_bringup -- -j4 -l4
[11.078s] Invoking command in '/home/pi/turtlebot3_ws/build/turtlebot3_bringup': CMAKE_PREFIX_PATH=/home/pi/turtlebot3_ws/install/turtlebot3_node:/home/pi/turtlebot3_ws/install/turtlebot3_description:/home/pi/turtlebot3_ws/install/turtlebot3:/home/pi/turtlebot3_ws/install/turtlebot3_bringup:/home/pi/turtlebot3_ws/install/ld08_driver:/home/pi/turtlebot3_ws/install/turtlebot3_teleop:/home/pi/turtlebot3_ws/install/turtlebot3_example:/opt/ros/humble /usr/bin/cmake --install /home/pi/turtlebot3_ws/build/turtlebot3_bringup
[11.133s] -- Install configuration: ""
[11.137s] -- Execute custom install script
[11.143s] -- Symlinking: /home/pi/turtlebot3_ws/install/turtlebot3_bringup/share/turtlebot3_bringup/launch/robot.launch.py
[11.204s] -- Symlinking: /home/pi/turtlebot3_ws/install/turtlebot3_bringup/share/turtlebot3_bringup/launch/rviz2.launch.py
[11.264s] -- Symlinking: /home/pi/turtlebot3_ws/install/turtlebot3_bringup/share/turtlebot3_bringup/launch/turtlebot3_state_publisher.launch.py
[11.330s] -- Symlinking: /home/pi/turtlebot3_ws/install/turtlebot3_bringup/share/turtlebot3_bringup/param/burger.yaml
[11.392s] -- Symlinking: /home/pi/turtlebot3_ws/install/turtlebot3_bringup/share/turtlebot3_bringup/param/waffle.yaml
[11.452s] -- Symlinking: /home/pi/turtlebot3_ws/install/turtlebot3_bringup/share/turtlebot3_bringup/param/waffle_pi.yaml
[11.517s] -- Symlinking: /home/pi/turtlebot3_ws/install/turtlebot3_bringup/share/turtlebot3_bringup/script/99-turtlebot3-cdc.rules
[11.578s] -- Symlinking: /home/pi/turtlebot3_ws/install/turtlebot3_bringup/share/turtlebot3_bringup/script/create_udev_rules
[11.640s] -- Symlinking: /home/pi/turtlebot3_ws/install/turtlebot3_bringup/share/ament_index/resource_index/package_run_dependencies/turtlebot3_bringup
[11.701s] -- Symlinking: /home/pi/turtlebot3_ws/install/turtlebot3_bringup/share/ament_index/resource_index/parent_prefix_path/turtlebot3_bringup
[11.763s] -- Symlinking: /home/pi/turtlebot3_ws/install/turtlebot3_bringup/share/turtlebot3_bringup/environment/ament_prefix_path.sh
[11.823s] -- Symlinking: /home/pi/turtlebot3_ws/install/turtlebot3_bringup/share/turtlebot3_bringup/environment/ament_prefix_path.dsv
[11.884s] -- Symlinking: /home/pi/turtlebot3_ws/install/turtlebot3_bringup/share/turtlebot3_bringup/environment/path.sh
[11.945s] -- Symlinking: /home/pi/turtlebot3_ws/install/turtlebot3_bringup/share/turtlebot3_bringup/environment/path.dsv
[12.005s] -- Symlinking: /home/pi/turtlebot3_ws/install/turtlebot3_bringup/share/turtlebot3_bringup/local_setup.bash
[12.066s] -- Symlinking: /home/pi/turtlebot3_ws/install/turtlebot3_bringup/share/turtlebot3_bringup/local_setup.sh
[12.126s] -- Symlinking: /home/pi/turtlebot3_ws/install/turtlebot3_bringup/share/turtlebot3_bringup/local_setup.zsh
[12.188s] -- Symlinking: /home/pi/turtlebot3_ws/install/turtlebot3_bringup/share/turtlebot3_bringup/local_setup.dsv
[12.248s] -- Symlinking: /home/pi/turtlebot3_ws/install/turtlebot3_bringup/share/turtlebot3_bringup/package.dsv
[12.311s] -- Symlinking: /home/pi/turtlebot3_ws/install/turtlebot3_bringup/share/ament_index/resource_index/packages/turtlebot3_bringup
[12.373s] -- Symlinking: /home/pi/turtlebot3_ws/install/turtlebot3_bringup/share/turtlebot3_bringup/cmake/turtlebot3_bringupConfig.cmake
[12.433s] -- Symlinking: /home/pi/turtlebot3_ws/install/turtlebot3_bringup/share/turtlebot3_bringup/cmake/turtlebot3_bringupConfig-version.cmake
[12.494s] -- Symlinking: /home/pi/turtlebot3_ws/install/turtlebot3_bringup/share/turtlebot3_bringup/package.xml
[12.575s] Invoked command in '/home/pi/turtlebot3_ws/build/turtlebot3_bringup' returned '0': CMAKE_PREFIX_PATH=/home/pi/turtlebot3_ws/install/turtlebot3_node:/home/pi/turtlebot3_ws/install/turtlebot3_description:/home/pi/turtlebot3_ws/install/turtlebot3:/home/pi/turtlebot3_ws/install/turtlebot3_bringup:/home/pi/turtlebot3_ws/install/ld08_driver:/home/pi/turtlebot3_ws/install/turtlebot3_teleop:/home/pi/turtlebot3_ws/install/turtlebot3_example:/opt/ros/humble /usr/bin/cmake --install /home/pi/turtlebot3_ws/build/turtlebot3_bringup
