[INFO] [1693914842.759160123] [turtlebot3_node]: Init TurtleBot3 Node Main
[INFO] [1693914842.761446318] [turtlebot3_node]: Init DynamixelSDKWrapper
[INFO] [1693914842.770226280] [DynamixelSDKWrapper]: Succeeded to open the port(/dev/ttyACM0)!
[INFO] [1693914842.773279734] [DynamixelSDKWrapper]: Succeeded to change the baudrate!
[INFO] [1693914842.810220128] [turtlebot3_node]: Start Calibration of Gyro
[INFO] [1693914847.810793946] [turtlebot3_node]: Calibration End
[INFO] [1693914847.811100891] [turtlebot3_node]: Add Motors
[INFO] [1693914847.812354548] [turtlebot3_node]: Add Wheels
[INFO] [1693914847.813685429] [turtlebot3_node]: Add Sensors
[INFO] [1693914847.853530839] [turtlebot3_node]: Succeeded to create battery state publisher
[INFO] [1693914847.859937074] [turtlebot3_node]: Succeeded to create imu publisher
[INFO] [1693914847.875964831] [turtlebot3_node]: Succeeded to create sensor state publisher
[INFO] [1693914847.879973717] [turtlebot3_node]: Succeeded to create joint state publisher
[INFO] [1693914847.880158345] [turtlebot3_node]: Add Devices
[INFO] [1693914847.880231161] [turtlebot3_node]: Succeeded to create motor power server
[INFO] [1693914847.888179398] [turtlebot3_node]: Succeeded to create reset server
[INFO] [1693914847.891854744] [turtlebot3_node]: Succeeded to create sound server
[INFO] [1693914847.895792198] [turtlebot3_node]: Run!
[INFO] [1693914847.959519519] [diff_drive_controller]: Init Odometry
[INFO] [1693914847.994111864] [diff_drive_controller]: Run!
[INFO] [1693914853.112507892] [rclcpp]: signal_handler(signum=2)
