[5.841s] DEBUG:colcon:Command line arguments: ['/usr/bin/colcon', 'build', '--symlink-install', '--parallel-workers', '1']
[5.841s] DEBUG:colcon:Parsed command line arguments: Namespace(log_base=None, log_level=None, verb_name='build', build_base='build', install_base='install', merge_install=False, symlink_install=True, test_result_base=None, continue_on_error=False, executor='parallel', parallel_workers=1, event_handlers=None, ignore_user_meta=False, metas=['./colcon.meta'], base_paths=['.'], packages_ignore=None, packages_ignore_regex=None, paths=None, packages_up_to=None, packages_up_to_regex=None, packages_above=None, packages_above_and_dependencies=None, packages_above_depth=None, packages_select_by_dep=None, packages_skip_by_dep=None, packages_skip_up_to=None, packages_select_build_failed=False, packages_skip_build_finished=False, packages_select_test_failures=False, packages_skip_test_passed=False, packages_select=None, packages_skip=None, packages_select_regex=None, packages_skip_regex=None, packages_start=None, packages_end=None, allow_overriding=[], cmake_args=None, cmake_target=None, cmake_target_skip_unavailable=False, cmake_clean_cache=False, cmake_clean_first=False, cmake_force_configure=False, ament_cmake_args=None, catkin_cmake_args=None, catkin_skip_building_tests=False, verb_parser=<colcon_defaults.argument_parser.defaults.DefaultArgumentsDecorator object at 0xffff858ae410>, verb_extension=<colcon_core.verb.build.BuildVerb object at 0xffff86130880>, main=<bound method BuildVerb.main of <colcon_core.verb.build.BuildVerb object at 0xffff86130880>>)
[6.327s] Level 1:colcon.colcon_core.package_discovery:discover_packages(colcon_meta) check parameters
[6.329s] Level 1:colcon.colcon_core.package_discovery:discover_packages(recursive) check parameters
[6.329s] Level 1:colcon.colcon_core.package_discovery:discover_packages(ignore) check parameters
[6.329s] Level 1:colcon.colcon_core.package_discovery:discover_packages(path) check parameters
[6.330s] Level 1:colcon.colcon_core.package_discovery:discover_packages(colcon_meta) discover
[6.331s] Level 1:colcon.colcon_core.package_discovery:discover_packages(recursive) discover
[6.331s] INFO:colcon.colcon_core.package_discovery:Crawling recursively for packages in '/home/pi/turtlebot3_ws'
[6.332s] Level 1:colcon.colcon_core.package_identification:_identify(.) by extensions ['ignore', 'ignore_ament_install']
[6.333s] Level 1:colcon.colcon_core.package_identification:_identify(.) by extension 'ignore'
[6.334s] Level 1:colcon.colcon_core.package_identification:_identify(.) by extension 'ignore_ament_install'
[6.335s] Level 1:colcon.colcon_core.package_identification:_identify(.) by extensions ['colcon_pkg']
[6.335s] Level 1:colcon.colcon_core.package_identification:_identify(.) by extension 'colcon_pkg'
[6.335s] Level 1:colcon.colcon_core.package_identification:_identify(.) by extensions ['colcon_meta']
[6.336s] Level 1:colcon.colcon_core.package_identification:_identify(.) by extension 'colcon_meta'
[6.336s] Level 1:colcon.colcon_core.package_identification:_identify(.) by extensions ['ros']
[6.336s] Level 1:colcon.colcon_core.package_identification:_identify(.) by extension 'ros'
[6.490s] Level 1:colcon.colcon_core.package_identification:_identify(.) by extensions ['cmake', 'python']
[6.491s] Level 1:colcon.colcon_core.package_identification:_identify(.) by extension 'cmake'
[6.491s] Level 1:colcon.colcon_core.package_identification:_identify(.) by extension 'python'
[6.492s] Level 1:colcon.colcon_core.package_identification:_identify(.) by extensions ['python_setup_py']
[6.492s] Level 1:colcon.colcon_core.package_identification:_identify(.) by extension 'python_setup_py'
[6.493s] Level 1:colcon.colcon_core.package_identification:_identify(build) by extensions ['ignore', 'ignore_ament_install']
[6.495s] Level 1:colcon.colcon_core.package_identification:_identify(build) by extension 'ignore'
[6.496s] Level 1:colcon.colcon_core.package_identification:_identify(build) ignored
[6.497s] Level 1:colcon.colcon_core.package_identification:_identify(install) by extensions ['ignore', 'ignore_ament_install']
[6.498s] Level 1:colcon.colcon_core.package_identification:_identify(install) by extension 'ignore'
[6.498s] Level 1:colcon.colcon_core.package_identification:_identify(install) ignored
[6.499s] Level 1:colcon.colcon_core.package_identification:_identify(log) by extensions ['ignore', 'ignore_ament_install']
[6.500s] Level 1:colcon.colcon_core.package_identification:_identify(log) by extension 'ignore'
[6.501s] Level 1:colcon.colcon_core.package_identification:_identify(log) ignored
[6.503s] Level 1:colcon.colcon_core.package_identification:_identify(src) by extensions ['ignore', 'ignore_ament_install']
[6.504s] Level 1:colcon.colcon_core.package_identification:_identify(src) by extension 'ignore'
[6.505s] Level 1:colcon.colcon_core.package_identification:_identify(src) by extension 'ignore_ament_install'
[6.505s] Level 1:colcon.colcon_core.package_identification:_identify(src) by extensions ['colcon_pkg']
[6.506s] Level 1:colcon.colcon_core.package_identification:_identify(src) by extension 'colcon_pkg'
[6.506s] Level 1:colcon.colcon_core.package_identification:_identify(src) by extensions ['colcon_meta']
[6.507s] Level 1:colcon.colcon_core.package_identification:_identify(src) by extension 'colcon_meta'
[6.507s] Level 1:colcon.colcon_core.package_identification:_identify(src) by extensions ['ros']
[6.508s] Level 1:colcon.colcon_core.package_identification:_identify(src) by extension 'ros'
[6.509s] Level 1:colcon.colcon_core.package_identification:_identify(src) by extensions ['cmake', 'python']
[6.509s] Level 1:colcon.colcon_core.package_identification:_identify(src) by extension 'cmake'
[6.510s] Level 1:colcon.colcon_core.package_identification:_identify(src) by extension 'python'
[6.510s] Level 1:colcon.colcon_core.package_identification:_identify(src) by extensions ['python_setup_py']
[6.511s] Level 1:colcon.colcon_core.package_identification:_identify(src) by extension 'python_setup_py'
[6.514s] Level 1:colcon.colcon_core.package_identification:_identify(src/ld08_driver) by extensions ['ignore', 'ignore_ament_install']
[6.515s] Level 1:colcon.colcon_core.package_identification:_identify(src/ld08_driver) by extension 'ignore'
[6.516s] Level 1:colcon.colcon_core.package_identification:_identify(src/ld08_driver) by extension 'ignore_ament_install'
[6.517s] Level 1:colcon.colcon_core.package_identification:_identify(src/ld08_driver) by extensions ['colcon_pkg']
[6.517s] Level 1:colcon.colcon_core.package_identification:_identify(src/ld08_driver) by extension 'colcon_pkg'
[6.518s] Level 1:colcon.colcon_core.package_identification:_identify(src/ld08_driver) by extensions ['colcon_meta']
[6.518s] Level 1:colcon.colcon_core.package_identification:_identify(src/ld08_driver) by extension 'colcon_meta'
[6.519s] Level 1:colcon.colcon_core.package_identification:_identify(src/ld08_driver) by extensions ['ros']
[6.519s] Level 1:colcon.colcon_core.package_identification:_identify(src/ld08_driver) by extension 'ros'
[6.553s] DEBUG:colcon.colcon_core.package_identification:Package 'src/ld08_driver' with type 'ros.ament_cmake' and name 'ld08_driver'
[6.556s] Level 1:colcon.colcon_core.package_identification:_identify(src/turtlebot3) by extensions ['ignore', 'ignore_ament_install']
[6.557s] Level 1:colcon.colcon_core.package_identification:_identify(src/turtlebot3) by extension 'ignore'
[6.558s] Level 1:colcon.colcon_core.package_identification:_identify(src/turtlebot3) by extension 'ignore_ament_install'
[6.559s] Level 1:colcon.colcon_core.package_identification:_identify(src/turtlebot3) by extensions ['colcon_pkg']
[6.559s] Level 1:colcon.colcon_core.package_identification:_identify(src/turtlebot3) by extension 'colcon_pkg'
[6.560s] Level 1:colcon.colcon_core.package_identification:_identify(src/turtlebot3) by extensions ['colcon_meta']
[6.560s] Level 1:colcon.colcon_core.package_identification:_identify(src/turtlebot3) by extension 'colcon_meta'
[6.561s] Level 1:colcon.colcon_core.package_identification:_identify(src/turtlebot3) by extensions ['ros']
[6.561s] Level 1:colcon.colcon_core.package_identification:_identify(src/turtlebot3) by extension 'ros'
[6.562s] Level 1:colcon.colcon_core.package_identification:_identify(src/turtlebot3) by extensions ['cmake', 'python']
[6.563s] Level 1:colcon.colcon_core.package_identification:_identify(src/turtlebot3) by extension 'cmake'
[6.564s] Level 1:colcon.colcon_core.package_identification:_identify(src/turtlebot3) by extension 'python'
[6.564s] Level 1:colcon.colcon_core.package_identification:_identify(src/turtlebot3) by extensions ['python_setup_py']
[6.564s] Level 1:colcon.colcon_core.package_identification:_identify(src/turtlebot3) by extension 'python_setup_py'
[6.568s] Level 1:colcon.colcon_core.package_identification:_identify(src/turtlebot3/turtlebot3) by extensions ['ignore', 'ignore_ament_install']
[6.569s] Level 1:colcon.colcon_core.package_identification:_identify(src/turtlebot3/turtlebot3) by extension 'ignore'
[6.570s] Level 1:colcon.colcon_core.package_identification:_identify(src/turtlebot3/turtlebot3) by extension 'ignore_ament_install'
[6.570s] Level 1:colcon.colcon_core.package_identification:_identify(src/turtlebot3/turtlebot3) by extensions ['colcon_pkg']
[6.571s] Level 1:colcon.colcon_core.package_identification:_identify(src/turtlebot3/turtlebot3) by extension 'colcon_pkg'
[6.571s] Level 1:colcon.colcon_core.package_identification:_identify(src/turtlebot3/turtlebot3) by extensions ['colcon_meta']
[6.572s] Level 1:colcon.colcon_core.package_identification:_identify(src/turtlebot3/turtlebot3) by extension 'colcon_meta'
[6.572s] Level 1:colcon.colcon_core.package_identification:_identify(src/turtlebot3/turtlebot3) by extensions ['ros']
[6.573s] Level 1:colcon.colcon_core.package_identification:_identify(src/turtlebot3/turtlebot3) by extension 'ros'
[6.581s] DEBUG:colcon.colcon_core.package_identification:Package 'src/turtlebot3/turtlebot3' with type 'ros.ament_cmake' and name 'turtlebot3'
[6.584s] Level 1:colcon.colcon_core.package_identification:_identify(src/turtlebot3/turtlebot3_bringup) by extensions ['ignore', 'ignore_ament_install']
[6.585s] Level 1:colcon.colcon_core.package_identification:_identify(src/turtlebot3/turtlebot3_bringup) by extension 'ignore'
[6.586s] Level 1:colcon.colcon_core.package_identification:_identify(src/turtlebot3/turtlebot3_bringup) by extension 'ignore_ament_install'
[6.587s] Level 1:colcon.colcon_core.package_identification:_identify(src/turtlebot3/turtlebot3_bringup) by extensions ['colcon_pkg']
[6.587s] Level 1:colcon.colcon_core.package_identification:_identify(src/turtlebot3/turtlebot3_bringup) by extension 'colcon_pkg'
[6.588s] Level 1:colcon.colcon_core.package_identification:_identify(src/turtlebot3/turtlebot3_bringup) by extensions ['colcon_meta']
[6.588s] Level 1:colcon.colcon_core.package_identification:_identify(src/turtlebot3/turtlebot3_bringup) by extension 'colcon_meta'
[6.589s] Level 1:colcon.colcon_core.package_identification:_identify(src/turtlebot3/turtlebot3_bringup) by extensions ['ros']
[6.589s] Level 1:colcon.colcon_core.package_identification:_identify(src/turtlebot3/turtlebot3_bringup) by extension 'ros'
[6.597s] DEBUG:colcon.colcon_core.package_identification:Package 'src/turtlebot3/turtlebot3_bringup' with type 'ros.ament_cmake' and name 'turtlebot3_bringup'
[6.600s] Level 1:colcon.colcon_core.package_identification:_identify(src/turtlebot3/turtlebot3_description) by extensions ['ignore', 'ignore_ament_install']
[6.602s] Level 1:colcon.colcon_core.package_identification:_identify(src/turtlebot3/turtlebot3_description) by extension 'ignore'
[6.603s] Level 1:colcon.colcon_core.package_identification:_identify(src/turtlebot3/turtlebot3_description) by extension 'ignore_ament_install'
[6.603s] Level 1:colcon.colcon_core.package_identification:_identify(src/turtlebot3/turtlebot3_description) by extensions ['colcon_pkg']
[6.604s] Level 1:colcon.colcon_core.package_identification:_identify(src/turtlebot3/turtlebot3_description) by extension 'colcon_pkg'
[6.604s] Level 1:colcon.colcon_core.package_identification:_identify(src/turtlebot3/turtlebot3_description) by extensions ['colcon_meta']
[6.605s] Level 1:colcon.colcon_core.package_identification:_identify(src/turtlebot3/turtlebot3_description) by extension 'colcon_meta'
[6.606s] Level 1:colcon.colcon_core.package_identification:_identify(src/turtlebot3/turtlebot3_description) by extensions ['ros']
[6.606s] Level 1:colcon.colcon_core.package_identification:_identify(src/turtlebot3/turtlebot3_description) by extension 'ros'
[6.613s] DEBUG:colcon.colcon_core.package_identification:Package 'src/turtlebot3/turtlebot3_description' with type 'ros.ament_cmake' and name 'turtlebot3_description'
[6.617s] Level 1:colcon.colcon_core.package_identification:_identify(src/turtlebot3/turtlebot3_example) by extensions ['ignore', 'ignore_ament_install']
[6.618s] Level 1:colcon.colcon_core.package_identification:_identify(src/turtlebot3/turtlebot3_example) by extension 'ignore'
[6.619s] Level 1:colcon.colcon_core.package_identification:_identify(src/turtlebot3/turtlebot3_example) by extension 'ignore_ament_install'
[6.620s] Level 1:colcon.colcon_core.package_identification:_identify(src/turtlebot3/turtlebot3_example) by extensions ['colcon_pkg']
[6.620s] Level 1:colcon.colcon_core.package_identification:_identify(src/turtlebot3/turtlebot3_example) by extension 'colcon_pkg'
[6.620s] Level 1:colcon.colcon_core.package_identification:_identify(src/turtlebot3/turtlebot3_example) by extensions ['colcon_meta']
[6.621s] Level 1:colcon.colcon_core.package_identification:_identify(src/turtlebot3/turtlebot3_example) by extension 'colcon_meta'
[6.622s] Level 1:colcon.colcon_core.package_identification:_identify(src/turtlebot3/turtlebot3_example) by extensions ['ros']
[6.622s] Level 1:colcon.colcon_core.package_identification:_identify(src/turtlebot3/turtlebot3_example) by extension 'ros'
[6.634s] DEBUG:colcon.colcon_core.package_identification:Package 'src/turtlebot3/turtlebot3_example' with type 'ros.ament_python' and name 'turtlebot3_example'
[6.637s] Level 1:colcon.colcon_core.package_identification:_identify(src/turtlebot3/turtlebot3_node) by extensions ['ignore', 'ignore_ament_install']
[6.638s] Level 1:colcon.colcon_core.package_identification:_identify(src/turtlebot3/turtlebot3_node) by extension 'ignore'
[6.639s] Level 1:colcon.colcon_core.package_identification:_identify(src/turtlebot3/turtlebot3_node) by extension 'ignore_ament_install'
[6.640s] Level 1:colcon.colcon_core.package_identification:_identify(src/turtlebot3/turtlebot3_node) by extensions ['colcon_pkg']
[6.640s] Level 1:colcon.colcon_core.package_identification:_identify(src/turtlebot3/turtlebot3_node) by extension 'colcon_pkg'
[6.641s] Level 1:colcon.colcon_core.package_identification:_identify(src/turtlebot3/turtlebot3_node) by extensions ['colcon_meta']
[6.641s] Level 1:colcon.colcon_core.package_identification:_identify(src/turtlebot3/turtlebot3_node) by extension 'colcon_meta'
[6.641s] Level 1:colcon.colcon_core.package_identification:_identify(src/turtlebot3/turtlebot3_node) by extensions ['ros']
[6.642s] Level 1:colcon.colcon_core.package_identification:_identify(src/turtlebot3/turtlebot3_node) by extension 'ros'
[6.657s] DEBUG:colcon.colcon_core.package_identification:Package 'src/turtlebot3/turtlebot3_node' with type 'ros.ament_cmake' and name 'turtlebot3_node'
[6.661s] Level 1:colcon.colcon_core.package_identification:_identify(src/turtlebot3/turtlebot3_teleop) by extensions ['ignore', 'ignore_ament_install']
[6.662s] Level 1:colcon.colcon_core.package_identification:_identify(src/turtlebot3/turtlebot3_teleop) by extension 'ignore'
[6.663s] Level 1:colcon.colcon_core.package_identification:_identify(src/turtlebot3/turtlebot3_teleop) by extension 'ignore_ament_install'
[6.663s] Level 1:colcon.colcon_core.package_identification:_identify(src/turtlebot3/turtlebot3_teleop) by extensions ['colcon_pkg']
[6.664s] Level 1:colcon.colcon_core.package_identification:_identify(src/turtlebot3/turtlebot3_teleop) by extension 'colcon_pkg'
[6.664s] Level 1:colcon.colcon_core.package_identification:_identify(src/turtlebot3/turtlebot3_teleop) by extensions ['colcon_meta']
[6.665s] Level 1:colcon.colcon_core.package_identification:_identify(src/turtlebot3/turtlebot3_teleop) by extension 'colcon_meta'
[6.665s] Level 1:colcon.colcon_core.package_identification:_identify(src/turtlebot3/turtlebot3_teleop) by extensions ['ros']
[6.666s] Level 1:colcon.colcon_core.package_identification:_identify(src/turtlebot3/turtlebot3_teleop) by extension 'ros'
[6.673s] DEBUG:colcon.colcon_core.package_identification:Package 'src/turtlebot3/turtlebot3_teleop' with type 'ros.ament_python' and name 'turtlebot3_teleop'
[6.673s] Level 1:colcon.colcon_core.package_discovery:discover_packages(recursive) using defaults
[6.674s] Level 1:colcon.colcon_core.package_discovery:discover_packages(ignore) discover
[6.674s] Level 1:colcon.colcon_core.package_discovery:discover_packages(ignore) using defaults
[6.674s] Level 1:colcon.colcon_core.package_discovery:discover_packages(path) discover
[6.675s] Level 1:colcon.colcon_core.package_discovery:discover_packages(path) using defaults
[6.976s] Level 1:colcon.colcon_core.package_discovery:discover_packages(prefix_path) check parameters
[6.977s] Level 1:colcon.colcon_core.package_discovery:discover_packages(prefix_path) discover
[6.999s] WARNING:colcon.colcon_ros.prefix_path.ament:The path '/home/pi/turtlebot3_ws/install/turtlebot3' in the environment variable AMENT_PREFIX_PATH doesn't exist
[7.000s] WARNING:colcon.colcon_ros.prefix_path.ament:The path '/home/pi/turtlebot3_ws/install/turtlebot3_teleop' in the environment variable AMENT_PREFIX_PATH doesn't exist
[7.001s] WARNING:colcon.colcon_ros.prefix_path.ament:The path '/home/pi/turtlebot3_ws/install/turtlebot3_bringup' in the environment variable AMENT_PREFIX_PATH doesn't exist
[7.002s] WARNING:colcon.colcon_ros.prefix_path.ament:The path '/home/pi/turtlebot3_ws/install/turtlebot3_node' in the environment variable AMENT_PREFIX_PATH doesn't exist
[7.003s] WARNING:colcon.colcon_ros.prefix_path.ament:The path '/home/pi/turtlebot3_ws/install/turtlebot3_example' in the environment variable AMENT_PREFIX_PATH doesn't exist
[7.004s] WARNING:colcon.colcon_ros.prefix_path.ament:The path '/home/pi/turtlebot3_ws/install/turtlebot3_description' in the environment variable AMENT_PREFIX_PATH doesn't exist
[7.005s] WARNING:colcon.colcon_ros.prefix_path.ament:The path '/home/pi/turtlebot3_ws/install/ld08_driver' in the environment variable AMENT_PREFIX_PATH doesn't exist
[7.007s] WARNING:colcon.colcon_ros.prefix_path.catkin:The path '/home/pi/turtlebot3_ws/install/turtlebot3' in the environment variable CMAKE_PREFIX_PATH doesn't exist
[7.008s] WARNING:colcon.colcon_ros.prefix_path.catkin:The path '/home/pi/turtlebot3_ws/install/turtlebot3_bringup' in the environment variable CMAKE_PREFIX_PATH doesn't exist
[7.009s] WARNING:colcon.colcon_ros.prefix_path.catkin:The path '/home/pi/turtlebot3_ws/install/turtlebot3_node' in the environment variable CMAKE_PREFIX_PATH doesn't exist
[7.009s] WARNING:colcon.colcon_ros.prefix_path.catkin:The path '/home/pi/turtlebot3_ws/install/turtlebot3_description' in the environment variable CMAKE_PREFIX_PATH doesn't exist
[7.010s] WARNING:colcon.colcon_ros.prefix_path.catkin:The path '/home/pi/turtlebot3_ws/install/ld08_driver' in the environment variable CMAKE_PREFIX_PATH doesn't exist
[7.024s] DEBUG:colcon.colcon_installed_package_information.package_discovery:Found 0 installed packages in /home/pi/turtlebot3_ws/install
[7.046s] DEBUG:colcon.colcon_installed_package_information.package_discovery:Found 273 installed packages in /opt/ros/humble
[7.060s] Level 1:colcon.colcon_core.package_discovery:discover_packages(prefix_path) using defaults
[7.688s] Level 5:colcon.colcon_core.verb:set package 'ld08_driver' build argument 'cmake_args' from command line to 'None'
[7.689s] Level 5:colcon.colcon_core.verb:set package 'ld08_driver' build argument 'cmake_target' from command line to 'None'
[7.689s] Level 5:colcon.colcon_core.verb:set package 'ld08_driver' build argument 'cmake_target_skip_unavailable' from command line to 'False'
[7.689s] Level 5:colcon.colcon_core.verb:set package 'ld08_driver' build argument 'cmake_clean_cache' from command line to 'False'
[7.690s] Level 5:colcon.colcon_core.verb:set package 'ld08_driver' build argument 'cmake_clean_first' from command line to 'False'
[7.690s] Level 5:colcon.colcon_core.verb:set package 'ld08_driver' build argument 'cmake_force_configure' from command line to 'False'
[7.690s] Level 5:colcon.colcon_core.verb:set package 'ld08_driver' build argument 'ament_cmake_args' from command line to 'None'
[7.690s] Level 5:colcon.colcon_core.verb:set package 'ld08_driver' build argument 'catkin_cmake_args' from command line to 'None'
[7.691s] Level 5:colcon.colcon_core.verb:set package 'ld08_driver' build argument 'catkin_skip_building_tests' from command line to 'False'
[7.691s] DEBUG:colcon.colcon_core.verb:Building package 'ld08_driver' with the following arguments: {'ament_cmake_args': None, 'build_base': '/home/pi/turtlebot3_ws/build/ld08_driver', 'catkin_cmake_args': None, 'catkin_skip_building_tests': False, 'cmake_args': None, 'cmake_clean_cache': False, 'cmake_clean_first': False, 'cmake_force_configure': False, 'cmake_target': None, 'cmake_target_skip_unavailable': False, 'install_base': '/home/pi/turtlebot3_ws/install/ld08_driver', 'merge_install': False, 'path': '/home/pi/turtlebot3_ws/src/ld08_driver', 'symlink_install': True, 'test_result_base': None}
[7.700s] Level 5:colcon.colcon_core.verb:set package 'turtlebot3_description' build argument 'cmake_args' from command line to 'None'
[7.700s] Level 5:colcon.colcon_core.verb:set package 'turtlebot3_description' build argument 'cmake_target' from command line to 'None'
[7.700s] Level 5:colcon.colcon_core.verb:set package 'turtlebot3_description' build argument 'cmake_target_skip_unavailable' from command line to 'False'
[7.701s] Level 5:colcon.colcon_core.verb:set package 'turtlebot3_description' build argument 'cmake_clean_cache' from command line to 'False'
[7.701s] Level 5:colcon.colcon_core.verb:set package 'turtlebot3_description' build argument 'cmake_clean_first' from command line to 'False'
[7.701s] Level 5:colcon.colcon_core.verb:set package 'turtlebot3_description' build argument 'cmake_force_configure' from command line to 'False'
[7.701s] Level 5:colcon.colcon_core.verb:set package 'turtlebot3_description' build argument 'ament_cmake_args' from command line to 'None'
[7.701s] Level 5:colcon.colcon_core.verb:set package 'turtlebot3_description' build argument 'catkin_cmake_args' from command line to 'None'
[7.702s] Level 5:colcon.colcon_core.verb:set package 'turtlebot3_description' build argument 'catkin_skip_building_tests' from command line to 'False'
[7.702s] DEBUG:colcon.colcon_core.verb:Building package 'turtlebot3_description' with the following arguments: {'ament_cmake_args': None, 'build_base': '/home/pi/turtlebot3_ws/build/turtlebot3_description', 'catkin_cmake_args': None, 'catkin_skip_building_tests': False, 'cmake_args': None, 'cmake_clean_cache': False, 'cmake_clean_first': False, 'cmake_force_configure': False, 'cmake_target': None, 'cmake_target_skip_unavailable': False, 'install_base': '/home/pi/turtlebot3_ws/install/turtlebot3_description', 'merge_install': False, 'path': '/home/pi/turtlebot3_ws/src/turtlebot3/turtlebot3_description', 'symlink_install': True, 'test_result_base': None}
[7.711s] Level 5:colcon.colcon_core.verb:set package 'turtlebot3_example' build argument 'cmake_args' from command line to 'None'
[7.711s] Level 5:colcon.colcon_core.verb:set package 'turtlebot3_example' build argument 'cmake_target' from command line to 'None'
[7.711s] Level 5:colcon.colcon_core.verb:set package 'turtlebot3_example' build argument 'cmake_target_skip_unavailable' from command line to 'False'
[7.712s] Level 5:colcon.colcon_core.verb:set package 'turtlebot3_example' build argument 'cmake_clean_cache' from command line to 'False'
[7.712s] Level 5:colcon.colcon_core.verb:set package 'turtlebot3_example' build argument 'cmake_clean_first' from command line to 'False'
[7.712s] Level 5:colcon.colcon_core.verb:set package 'turtlebot3_example' build argument 'cmake_force_configure' from command line to 'False'
[7.712s] Level 5:colcon.colcon_core.verb:set package 'turtlebot3_example' build argument 'ament_cmake_args' from command line to 'None'
[7.713s] Level 5:colcon.colcon_core.verb:set package 'turtlebot3_example' build argument 'catkin_cmake_args' from command line to 'None'
[7.713s] Level 5:colcon.colcon_core.verb:set package 'turtlebot3_example' build argument 'catkin_skip_building_tests' from command line to 'False'
[7.713s] DEBUG:colcon.colcon_core.verb:Building package 'turtlebot3_example' with the following arguments: {'ament_cmake_args': None, 'build_base': '/home/pi/turtlebot3_ws/build/turtlebot3_example', 'catkin_cmake_args': None, 'catkin_skip_building_tests': False, 'cmake_args': None, 'cmake_clean_cache': False, 'cmake_clean_first': False, 'cmake_force_configure': False, 'cmake_target': None, 'cmake_target_skip_unavailable': False, 'install_base': '/home/pi/turtlebot3_ws/install/turtlebot3_example', 'merge_install': False, 'path': '/home/pi/turtlebot3_ws/src/turtlebot3/turtlebot3_example', 'symlink_install': True, 'test_result_base': None}
[7.722s] Level 5:colcon.colcon_core.verb:set package 'turtlebot3_node' build argument 'cmake_args' from command line to 'None'
[7.722s] Level 5:colcon.colcon_core.verb:set package 'turtlebot3_node' build argument 'cmake_target' from command line to 'None'
[7.723s] Level 5:colcon.colcon_core.verb:set package 'turtlebot3_node' build argument 'cmake_target_skip_unavailable' from command line to 'False'
[7.723s] Level 5:colcon.colcon_core.verb:set package 'turtlebot3_node' build argument 'cmake_clean_cache' from command line to 'False'
[7.723s] Level 5:colcon.colcon_core.verb:set package 'turtlebot3_node' build argument 'cmake_clean_first' from command line to 'False'
[7.723s] Level 5:colcon.colcon_core.verb:set package 'turtlebot3_node' build argument 'cmake_force_configure' from command line to 'False'
[7.723s] Level 5:colcon.colcon_core.verb:set package 'turtlebot3_node' build argument 'ament_cmake_args' from command line to 'None'
[7.724s] Level 5:colcon.colcon_core.verb:set package 'turtlebot3_node' build argument 'catkin_cmake_args' from command line to 'None'
[7.724s] Level 5:colcon.colcon_core.verb:set package 'turtlebot3_node' build argument 'catkin_skip_building_tests' from command line to 'False'
[7.724s] DEBUG:colcon.colcon_core.verb:Building package 'turtlebot3_node' with the following arguments: {'ament_cmake_args': None, 'build_base': '/home/pi/turtlebot3_ws/build/turtlebot3_node', 'catkin_cmake_args': None, 'catkin_skip_building_tests': False, 'cmake_args': None, 'cmake_clean_cache': False, 'cmake_clean_first': False, 'cmake_force_configure': False, 'cmake_target': None, 'cmake_target_skip_unavailable': False, 'install_base': '/home/pi/turtlebot3_ws/install/turtlebot3_node', 'merge_install': False, 'path': '/home/pi/turtlebot3_ws/src/turtlebot3/turtlebot3_node', 'symlink_install': True, 'test_result_base': None}
[7.733s] Level 5:colcon.colcon_core.verb:set package 'turtlebot3_teleop' build argument 'cmake_args' from command line to 'None'
[7.733s] Level 5:colcon.colcon_core.verb:set package 'turtlebot3_teleop' build argument 'cmake_target' from command line to 'None'
[7.734s] Level 5:colcon.colcon_core.verb:set package 'turtlebot3_teleop' build argument 'cmake_target_skip_unavailable' from command line to 'False'
[7.734s] Level 5:colcon.colcon_core.verb:set package 'turtlebot3_teleop' build argument 'cmake_clean_cache' from command line to 'False'
[7.734s] Level 5:colcon.colcon_core.verb:set package 'turtlebot3_teleop' build argument 'cmake_clean_first' from command line to 'False'
[7.734s] Level 5:colcon.colcon_core.verb:set package 'turtlebot3_teleop' build argument 'cmake_force_configure' from command line to 'False'
[7.735s] Level 5:colcon.colcon_core.verb:set package 'turtlebot3_teleop' build argument 'ament_cmake_args' from command line to 'None'
[7.735s] Level 5:colcon.colcon_core.verb:set package 'turtlebot3_teleop' build argument 'catkin_cmake_args' from command line to 'None'
[7.735s] Level 5:colcon.colcon_core.verb:set package 'turtlebot3_teleop' build argument 'catkin_skip_building_tests' from command line to 'False'
[7.735s] DEBUG:colcon.colcon_core.verb:Building package 'turtlebot3_teleop' with the following arguments: {'ament_cmake_args': None, 'build_base': '/home/pi/turtlebot3_ws/build/turtlebot3_teleop', 'catkin_cmake_args': None, 'catkin_skip_building_tests': False, 'cmake_args': None, 'cmake_clean_cache': False, 'cmake_clean_first': False, 'cmake_force_configure': False, 'cmake_target': None, 'cmake_target_skip_unavailable': False, 'install_base': '/home/pi/turtlebot3_ws/install/turtlebot3_teleop', 'merge_install': False, 'path': '/home/pi/turtlebot3_ws/src/turtlebot3/turtlebot3_teleop', 'symlink_install': True, 'test_result_base': None}
[7.744s] Level 5:colcon.colcon_core.verb:set package 'turtlebot3_bringup' build argument 'cmake_args' from command line to 'None'
[7.745s] Level 5:colcon.colcon_core.verb:set package 'turtlebot3_bringup' build argument 'cmake_target' from command line to 'None'
[7.745s] Level 5:colcon.colcon_core.verb:set package 'turtlebot3_bringup' build argument 'cmake_target_skip_unavailable' from command line to 'False'
[7.745s] Level 5:colcon.colcon_core.verb:set package 'turtlebot3_bringup' build argument 'cmake_clean_cache' from command line to 'False'
[7.745s] Level 5:colcon.colcon_core.verb:set package 'turtlebot3_bringup' build argument 'cmake_clean_first' from command line to 'False'
[7.745s] Level 5:colcon.colcon_core.verb:set package 'turtlebot3_bringup' build argument 'cmake_force_configure' from command line to 'False'
[7.746s] Level 5:colcon.colcon_core.verb:set package 'turtlebot3_bringup' build argument 'ament_cmake_args' from command line to 'None'
[7.746s] Level 5:colcon.colcon_core.verb:set package 'turtlebot3_bringup' build argument 'catkin_cmake_args' from command line to 'None'
[7.746s] Level 5:colcon.colcon_core.verb:set package 'turtlebot3_bringup' build argument 'catkin_skip_building_tests' from command line to 'False'
[7.746s] DEBUG:colcon.colcon_core.verb:Building package 'turtlebot3_bringup' with the following arguments: {'ament_cmake_args': None, 'build_base': '/home/pi/turtlebot3_ws/build/turtlebot3_bringup', 'catkin_cmake_args': None, 'catkin_skip_building_tests': False, 'cmake_args': None, 'cmake_clean_cache': False, 'cmake_clean_first': False, 'cmake_force_configure': False, 'cmake_target': None, 'cmake_target_skip_unavailable': False, 'install_base': '/home/pi/turtlebot3_ws/install/turtlebot3_bringup', 'merge_install': False, 'path': '/home/pi/turtlebot3_ws/src/turtlebot3/turtlebot3_bringup', 'symlink_install': True, 'test_result_base': None}
[7.755s] Level 5:colcon.colcon_core.verb:set package 'turtlebot3' build argument 'cmake_args' from command line to 'None'
[7.756s] Level 5:colcon.colcon_core.verb:set package 'turtlebot3' build argument 'cmake_target' from command line to 'None'
[7.756s] Level 5:colcon.colcon_core.verb:set package 'turtlebot3' build argument 'cmake_target_skip_unavailable' from command line to 'False'
[7.756s] Level 5:colcon.colcon_core.verb:set package 'turtlebot3' build argument 'cmake_clean_cache' from command line to 'False'
[7.756s] Level 5:colcon.colcon_core.verb:set package 'turtlebot3' build argument 'cmake_clean_first' from command line to 'False'
[7.757s] Level 5:colcon.colcon_core.verb:set package 'turtlebot3' build argument 'cmake_force_configure' from command line to 'False'
[7.757s] Level 5:colcon.colcon_core.verb:set package 'turtlebot3' build argument 'ament_cmake_args' from command line to 'None'
[7.757s] Level 5:colcon.colcon_core.verb:set package 'turtlebot3' build argument 'catkin_cmake_args' from command line to 'None'
[7.757s] Level 5:colcon.colcon_core.verb:set package 'turtlebot3' build argument 'catkin_skip_building_tests' from command line to 'False'
[7.757s] DEBUG:colcon.colcon_core.verb:Building package 'turtlebot3' with the following arguments: {'ament_cmake_args': None, 'build_base': '/home/pi/turtlebot3_ws/build/turtlebot3', 'catkin_cmake_args': None, 'catkin_skip_building_tests': False, 'cmake_args': None, 'cmake_clean_cache': False, 'cmake_clean_first': False, 'cmake_force_configure': False, 'cmake_target': None, 'cmake_target_skip_unavailable': False, 'install_base': '/home/pi/turtlebot3_ws/install/turtlebot3', 'merge_install': False, 'path': '/home/pi/turtlebot3_ws/src/turtlebot3/turtlebot3', 'symlink_install': True, 'test_result_base': None}
[7.763s] INFO:colcon.colcon_core.executor:Executing jobs using 'parallel' executor
[7.791s] DEBUG:colcon.colcon_parallel_executor.executor.parallel:run_until_complete
[7.793s] INFO:colcon.colcon_ros.task.ament_cmake.build:Building ROS package in '/home/pi/turtlebot3_ws/src/turtlebot3/turtlebot3_description' with build type 'ament_cmake'
[7.794s] INFO:colcon.colcon_cmake.task.cmake.build:Building CMake package in '/home/pi/turtlebot3_ws/src/turtlebot3/turtlebot3_description'
[7.868s] INFO:colcon.colcon_core.plugin_system:Skipping extension 'colcon_core.shell.bat': Not used on non-Windows systems
[7.872s] INFO:colcon.colcon_core.shell:Skip shell extension 'powershell' for command environment: Not usable outside of PowerShell
[7.873s] DEBUG:colcon.colcon_core.shell:Skip shell extension 'dsv' for command environment
[7.957s] DEBUG:colcon.colcon_core.event_handler.log_command:Invoking command in '/home/pi/turtlebot3_ws/build/turtlebot3_description': CMAKE_PREFIX_PATH=${CMAKE_PREFIX_PATH}:/home/pi/turtlebot3_ws/install/turtlebot3_teleop:/home/pi/turtlebot3_ws/install/turtlebot3_example:/opt/ros/humble /usr/bin/cmake /home/pi/turtlebot3_ws/src/turtlebot3/turtlebot3_description -DAMENT_CMAKE_SYMLINK_INSTALL=1 -DCMAKE_INSTALL_PREFIX=/home/pi/turtlebot3_ws/install/turtlebot3_description
[25.161s] DEBUG:colcon.colcon_core.event_handler.log_command:Invoked command in '/home/pi/turtlebot3_ws/build/turtlebot3_description' returned '0': CMAKE_PREFIX_PATH=${CMAKE_PREFIX_PATH}:/home/pi/turtlebot3_ws/install/turtlebot3_teleop:/home/pi/turtlebot3_ws/install/turtlebot3_example:/opt/ros/humble /usr/bin/cmake /home/pi/turtlebot3_ws/src/turtlebot3/turtlebot3_description -DAMENT_CMAKE_SYMLINK_INSTALL=1 -DCMAKE_INSTALL_PREFIX=/home/pi/turtlebot3_ws/install/turtlebot3_description
[25.181s] DEBUG:colcon.colcon_core.event_handler.log_command:Invoking command in '/home/pi/turtlebot3_ws/build/turtlebot3_description': CMAKE_PREFIX_PATH=${CMAKE_PREFIX_PATH}:/home/pi/turtlebot3_ws/install/turtlebot3_teleop:/home/pi/turtlebot3_ws/install/turtlebot3_example:/opt/ros/humble /usr/bin/cmake --build /home/pi/turtlebot3_ws/build/turtlebot3_description -- -j4 -l4
[25.446s] DEBUG:colcon.colcon_core.event_handler.log_command:Invoked command in '/home/pi/turtlebot3_ws/build/turtlebot3_description' returned '0': CMAKE_PREFIX_PATH=${CMAKE_PREFIX_PATH}:/home/pi/turtlebot3_ws/install/turtlebot3_teleop:/home/pi/turtlebot3_ws/install/turtlebot3_example:/opt/ros/humble /usr/bin/cmake --build /home/pi/turtlebot3_ws/build/turtlebot3_description -- -j4 -l4
[25.717s] DEBUG:colcon.colcon_core.event_handler.log_command:Invoking command in '/home/pi/turtlebot3_ws/build/turtlebot3_description': CMAKE_PREFIX_PATH=${CMAKE_PREFIX_PATH}:/home/pi/turtlebot3_ws/install/turtlebot3_teleop:/home/pi/turtlebot3_ws/install/turtlebot3_example:/opt/ros/humble /usr/bin/cmake --install /home/pi/turtlebot3_ws/build/turtlebot3_description
[27.594s] Level 1:colcon.colcon_core.environment:create_environment_scripts_only(turtlebot3_description)
[27.601s] DEBUG:colcon.colcon_core.event_handler.log_command:Invoked command in '/home/pi/turtlebot3_ws/build/turtlebot3_description' returned '0': CMAKE_PREFIX_PATH=${CMAKE_PREFIX_PATH}:/home/pi/turtlebot3_ws/install/turtlebot3_teleop:/home/pi/turtlebot3_ws/install/turtlebot3_example:/opt/ros/humble /usr/bin/cmake --install /home/pi/turtlebot3_ws/build/turtlebot3_description
[27.677s] Level 1:colcon.colcon_core.environment:checking '/home/pi/turtlebot3_ws/install/turtlebot3_description' for CMake module files
[27.683s] Level 1:colcon.colcon_core.environment:checking '/home/pi/turtlebot3_ws/install/turtlebot3_description' for CMake config files
[27.687s] Level 1:colcon.colcon_core.shell:create_environment_hook('turtlebot3_description', 'cmake_prefix_path')
[27.699s] INFO:colcon.colcon_core.shell:Creating environment hook '/home/pi/turtlebot3_ws/install/turtlebot3_description/share/turtlebot3_description/hook/cmake_prefix_path.ps1'
[27.708s] INFO:colcon.colcon_core.shell:Creating environment descriptor '/home/pi/turtlebot3_ws/install/turtlebot3_description/share/turtlebot3_description/hook/cmake_prefix_path.dsv'
[27.713s] INFO:colcon.colcon_core.shell:Creating environment hook '/home/pi/turtlebot3_ws/install/turtlebot3_description/share/turtlebot3_description/hook/cmake_prefix_path.sh'
[27.721s] Level 1:colcon.colcon_core.environment:checking '/home/pi/turtlebot3_ws/install/turtlebot3_description/bin'
[27.722s] Level 1:colcon.colcon_core.environment:checking '/home/pi/turtlebot3_ws/install/turtlebot3_description/lib/pkgconfig/turtlebot3_description.pc'
[27.724s] Level 1:colcon.colcon_core.environment:checking '/home/pi/turtlebot3_ws/install/turtlebot3_description/lib/python3.10/site-packages'
[27.727s] Level 1:colcon.colcon_core.environment:checking '/home/pi/turtlebot3_ws/install/turtlebot3_description/bin'
[27.738s] INFO:colcon.colcon_core.shell:Creating package script '/home/pi/turtlebot3_ws/install/turtlebot3_description/share/turtlebot3_description/package.ps1'
[27.746s] INFO:colcon.colcon_core.shell:Creating package descriptor '/home/pi/turtlebot3_ws/install/turtlebot3_description/share/turtlebot3_description/package.dsv'
[27.752s] INFO:colcon.colcon_core.shell:Creating package script '/home/pi/turtlebot3_ws/install/turtlebot3_description/share/turtlebot3_description/package.sh'
[27.761s] INFO:colcon.colcon_core.shell:Creating package script '/home/pi/turtlebot3_ws/install/turtlebot3_description/share/turtlebot3_description/package.bash'
[27.770s] INFO:colcon.colcon_core.shell:Creating package script '/home/pi/turtlebot3_ws/install/turtlebot3_description/share/turtlebot3_description/package.zsh'
[27.781s] Level 1:colcon.colcon_core.environment:create_file_with_runtime_dependencies(/home/pi/turtlebot3_ws/install/turtlebot3_description/share/colcon-core/packages/turtlebot3_description)
[27.981s] Level 1:colcon.colcon_core.environment:create_environment_scripts_only(turtlebot3_description)
[27.998s] Level 1:colcon.colcon_core.environment:checking '/home/pi/turtlebot3_ws/install/turtlebot3_description' for CMake module files
[28.004s] Level 1:colcon.colcon_core.environment:checking '/home/pi/turtlebot3_ws/install/turtlebot3_description' for CMake config files
[28.007s] Level 1:colcon.colcon_core.shell:create_environment_hook('turtlebot3_description', 'cmake_prefix_path')
[28.018s] INFO:colcon.colcon_core.shell:Creating environment hook '/home/pi/turtlebot3_ws/install/turtlebot3_description/share/turtlebot3_description/hook/cmake_prefix_path.ps1'
[28.022s] INFO:colcon.colcon_core.shell:Creating environment descriptor '/home/pi/turtlebot3_ws/install/turtlebot3_description/share/turtlebot3_description/hook/cmake_prefix_path.dsv'
[28.025s] INFO:colcon.colcon_core.shell:Creating environment hook '/home/pi/turtlebot3_ws/install/turtlebot3_description/share/turtlebot3_description/hook/cmake_prefix_path.sh'
[28.030s] Level 1:colcon.colcon_core.environment:checking '/home/pi/turtlebot3_ws/install/turtlebot3_description/bin'
[28.031s] Level 1:colcon.colcon_core.environment:checking '/home/pi/turtlebot3_ws/install/turtlebot3_description/lib/pkgconfig/turtlebot3_description.pc'
[28.033s] Level 1:colcon.colcon_core.environment:checking '/home/pi/turtlebot3_ws/install/turtlebot3_description/lib/python3.10/site-packages'
[28.036s] Level 1:colcon.colcon_core.environment:checking '/home/pi/turtlebot3_ws/install/turtlebot3_description/bin'
[28.047s] INFO:colcon.colcon_core.shell:Creating package script '/home/pi/turtlebot3_ws/install/turtlebot3_description/share/turtlebot3_description/package.ps1'
[28.053s] INFO:colcon.colcon_core.shell:Creating package descriptor '/home/pi/turtlebot3_ws/install/turtlebot3_description/share/turtlebot3_description/package.dsv'
[28.057s] INFO:colcon.colcon_core.shell:Creating package script '/home/pi/turtlebot3_ws/install/turtlebot3_description/share/turtlebot3_description/package.sh'
[28.062s] INFO:colcon.colcon_core.shell:Creating package script '/home/pi/turtlebot3_ws/install/turtlebot3_description/share/turtlebot3_description/package.bash'
[28.066s] INFO:colcon.colcon_core.shell:Creating package script '/home/pi/turtlebot3_ws/install/turtlebot3_description/share/turtlebot3_description/package.zsh'
[28.070s] Level 1:colcon.colcon_core.environment:create_file_with_runtime_dependencies(/home/pi/turtlebot3_ws/install/turtlebot3_description/share/colcon-core/packages/turtlebot3_description)
[28.073s] INFO:colcon.colcon_ros.task.ament_cmake.build:Building ROS package in '/home/pi/turtlebot3_ws/src/turtlebot3/turtlebot3_node' with build type 'ament_cmake'
[28.074s] INFO:colcon.colcon_cmake.task.cmake.build:Building CMake package in '/home/pi/turtlebot3_ws/src/turtlebot3/turtlebot3_node'
[28.087s] INFO:colcon.colcon_core.shell:Skip shell extension 'powershell' for command environment: Not usable outside of PowerShell
[28.088s] DEBUG:colcon.colcon_core.shell:Skip shell extension 'dsv' for command environment
[28.173s] DEBUG:colcon.colcon_core.event_handler.log_command:Invoking command in '/home/pi/turtlebot3_ws/build/turtlebot3_node': CMAKE_PREFIX_PATH=${CMAKE_PREFIX_PATH}:/home/pi/turtlebot3_ws/install/turtlebot3_teleop:/home/pi/turtlebot3_ws/install/turtlebot3_example:/opt/ros/humble /usr/bin/cmake /home/pi/turtlebot3_ws/src/turtlebot3/turtlebot3_node -DAMENT_CMAKE_SYMLINK_INSTALL=1 -DCMAKE_INSTALL_PREFIX=/home/pi/turtlebot3_ws/install/turtlebot3_node
[50.893s] DEBUG:colcon.colcon_core.event_handler.log_command:Invoked command in '/home/pi/turtlebot3_ws/build/turtlebot3_node' returned '0': CMAKE_PREFIX_PATH=${CMAKE_PREFIX_PATH}:/home/pi/turtlebot3_ws/install/turtlebot3_teleop:/home/pi/turtlebot3_ws/install/turtlebot3_example:/opt/ros/humble /usr/bin/cmake /home/pi/turtlebot3_ws/src/turtlebot3/turtlebot3_node -DAMENT_CMAKE_SYMLINK_INSTALL=1 -DCMAKE_INSTALL_PREFIX=/home/pi/turtlebot3_ws/install/turtlebot3_node
[50.899s] DEBUG:colcon.colcon_core.event_handler.log_command:Invoking command in '/home/pi/turtlebot3_ws/build/turtlebot3_node': CMAKE_PREFIX_PATH=${CMAKE_PREFIX_PATH}:/home/pi/turtlebot3_ws/install/turtlebot3_teleop:/home/pi/turtlebot3_ws/install/turtlebot3_example:/opt/ros/humble /usr/bin/cmake --build /home/pi/turtlebot3_ws/build/turtlebot3_node -- -j4 -l4
[6270.756s] DEBUG:colcon.colcon_core.event_handler.log_command:Invoked command in '/home/pi/turtlebot3_ws/build/turtlebot3_node' returned '0': CMAKE_PREFIX_PATH=${CMAKE_PREFIX_PATH}:/home/pi/turtlebot3_ws/install/turtlebot3_teleop:/home/pi/turtlebot3_ws/install/turtlebot3_example:/opt/ros/humble /usr/bin/cmake --build /home/pi/turtlebot3_ws/build/turtlebot3_node -- -j4 -l4
[6271.691s] DEBUG:colcon.colcon_core.event_handler.log_command:Invoking command in '/home/pi/turtlebot3_ws/build/turtlebot3_node': CMAKE_PREFIX_PATH=${CMAKE_PREFIX_PATH}:/home/pi/turtlebot3_ws/install/turtlebot3_teleop:/home/pi/turtlebot3_ws/install/turtlebot3_example:/opt/ros/humble /usr/bin/cmake --install /home/pi/turtlebot3_ws/build/turtlebot3_node
[6273.035s] DEBUG:colcon.colcon_core.event_handler.log_command:Invoked command in '/home/pi/turtlebot3_ws/build/turtlebot3_node' returned '0': CMAKE_PREFIX_PATH=${CMAKE_PREFIX_PATH}:/home/pi/turtlebot3_ws/install/turtlebot3_teleop:/home/pi/turtlebot3_ws/install/turtlebot3_example:/opt/ros/humble /usr/bin/cmake --install /home/pi/turtlebot3_ws/build/turtlebot3_node
[6273.038s] Level 1:colcon.colcon_core.environment:create_environment_scripts_only(turtlebot3_node)
[6273.378s] Level 1:colcon.colcon_core.environment:checking '/home/pi/turtlebot3_ws/install/turtlebot3_node' for CMake module files
[6273.548s] Level 1:colcon.colcon_core.environment:checking '/home/pi/turtlebot3_ws/install/turtlebot3_node' for CMake config files
[6273.574s] Level 1:colcon.colcon_core.shell:create_environment_hook('turtlebot3_node', 'cmake_prefix_path')
[6273.623s] INFO:colcon.colcon_core.shell:Creating environment hook '/home/pi/turtlebot3_ws/install/turtlebot3_node/share/turtlebot3_node/hook/cmake_prefix_path.ps1'
[6273.773s] INFO:colcon.colcon_core.shell:Creating environment descriptor '/home/pi/turtlebot3_ws/install/turtlebot3_node/share/turtlebot3_node/hook/cmake_prefix_path.dsv'
[6273.803s] INFO:colcon.colcon_core.shell:Creating environment hook '/home/pi/turtlebot3_ws/install/turtlebot3_node/share/turtlebot3_node/hook/cmake_prefix_path.sh'
[6273.880s] Level 1:colcon.colcon_core.environment:checking '/home/pi/turtlebot3_ws/install/turtlebot3_node/lib'
[6273.992s] Level 1:colcon.colcon_core.environment:checking '/home/pi/turtlebot3_ws/install/turtlebot3_node/bin'
[6273.996s] Level 1:colcon.colcon_core.environment:checking '/home/pi/turtlebot3_ws/install/turtlebot3_node/lib/pkgconfig/turtlebot3_node.pc'
[6274.075s] Level 1:colcon.colcon_core.environment:checking '/home/pi/turtlebot3_ws/install/turtlebot3_node/lib/python3.10/site-packages'
[6274.080s] Level 1:colcon.colcon_core.environment:checking '/home/pi/turtlebot3_ws/install/turtlebot3_node/bin'
[6274.098s] INFO:colcon.colcon_core.shell:Creating package script '/home/pi/turtlebot3_ws/install/turtlebot3_node/share/turtlebot3_node/package.ps1'
[6274.119s] INFO:colcon.colcon_core.shell:Creating package descriptor '/home/pi/turtlebot3_ws/install/turtlebot3_node/share/turtlebot3_node/package.dsv'
[6274.133s] INFO:colcon.colcon_core.shell:Creating package script '/home/pi/turtlebot3_ws/install/turtlebot3_node/share/turtlebot3_node/package.sh'
[6274.145s] INFO:colcon.colcon_core.shell:Creating package script '/home/pi/turtlebot3_ws/install/turtlebot3_node/share/turtlebot3_node/package.bash'
[6274.165s] INFO:colcon.colcon_core.shell:Creating package script '/home/pi/turtlebot3_ws/install/turtlebot3_node/share/turtlebot3_node/package.zsh'
[6274.186s] Level 1:colcon.colcon_core.environment:create_file_with_runtime_dependencies(/home/pi/turtlebot3_ws/install/turtlebot3_node/share/colcon-core/packages/turtlebot3_node)
[6274.769s] Level 1:colcon.colcon_core.environment:create_environment_scripts_only(turtlebot3_node)
[6274.787s] Level 1:colcon.colcon_core.environment:checking '/home/pi/turtlebot3_ws/install/turtlebot3_node' for CMake module files
[6274.809s] Level 1:colcon.colcon_core.environment:checking '/home/pi/turtlebot3_ws/install/turtlebot3_node' for CMake config files
[6274.813s] Level 1:colcon.colcon_core.shell:create_environment_hook('turtlebot3_node', 'cmake_prefix_path')
[6274.861s] INFO:colcon.colcon_core.shell:Creating environment hook '/home/pi/turtlebot3_ws/install/turtlebot3_node/share/turtlebot3_node/hook/cmake_prefix_path.ps1'
[6274.866s] INFO:colcon.colcon_core.shell:Creating environment descriptor '/home/pi/turtlebot3_ws/install/turtlebot3_node/share/turtlebot3_node/hook/cmake_prefix_path.dsv'
[6274.885s] INFO:colcon.colcon_core.shell:Creating environment hook '/home/pi/turtlebot3_ws/install/turtlebot3_node/share/turtlebot3_node/hook/cmake_prefix_path.sh'
[6274.908s] Level 1:colcon.colcon_core.environment:checking '/home/pi/turtlebot3_ws/install/turtlebot3_node/lib'
[6274.909s] Level 1:colcon.colcon_core.environment:checking '/home/pi/turtlebot3_ws/install/turtlebot3_node/bin'
[6274.912s] Level 1:colcon.colcon_core.environment:checking '/home/pi/turtlebot3_ws/install/turtlebot3_node/lib/pkgconfig/turtlebot3_node.pc'
[6274.914s] Level 1:colcon.colcon_core.environment:checking '/home/pi/turtlebot3_ws/install/turtlebot3_node/lib/python3.10/site-packages'
[6274.917s] Level 1:colcon.colcon_core.environment:checking '/home/pi/turtlebot3_ws/install/turtlebot3_node/bin'
[6274.933s] INFO:colcon.colcon_core.shell:Creating package script '/home/pi/turtlebot3_ws/install/turtlebot3_node/share/turtlebot3_node/package.ps1'
[6274.938s] INFO:colcon.colcon_core.shell:Creating package descriptor '/home/pi/turtlebot3_ws/install/turtlebot3_node/share/turtlebot3_node/package.dsv'
[6274.946s] INFO:colcon.colcon_core.shell:Creating package script '/home/pi/turtlebot3_ws/install/turtlebot3_node/share/turtlebot3_node/package.sh'
[6274.954s] INFO:colcon.colcon_core.shell:Creating package script '/home/pi/turtlebot3_ws/install/turtlebot3_node/share/turtlebot3_node/package.bash'
[6274.961s] INFO:colcon.colcon_core.shell:Creating package script '/home/pi/turtlebot3_ws/install/turtlebot3_node/share/turtlebot3_node/package.zsh'
[6274.972s] Level 1:colcon.colcon_core.environment:create_file_with_runtime_dependencies(/home/pi/turtlebot3_ws/install/turtlebot3_node/share/colcon-core/packages/turtlebot3_node)
[6275.014s] INFO:colcon.colcon_ros.task.ament_python.build:Building ROS package in '/home/pi/turtlebot3_ws/src/turtlebot3/turtlebot3_example' with build type 'ament_python'
[6275.028s] Level 1:colcon.colcon_core.shell:create_environment_hook('turtlebot3_example', 'ament_prefix_path')
[6275.052s] INFO:colcon.colcon_core.shell:Creating environment hook '/home/pi/turtlebot3_ws/install/turtlebot3_example/share/turtlebot3_example/hook/ament_prefix_path.ps1'
[6275.077s] INFO:colcon.colcon_core.shell:Creating environment descriptor '/home/pi/turtlebot3_ws/install/turtlebot3_example/share/turtlebot3_example/hook/ament_prefix_path.dsv'
[6275.085s] INFO:colcon.colcon_core.shell:Creating environment hook '/home/pi/turtlebot3_ws/install/turtlebot3_example/share/turtlebot3_example/hook/ament_prefix_path.sh'
[6275.107s] INFO:colcon.colcon_core.shell:Skip shell extension 'powershell' for command environment: Not usable outside of PowerShell
[6275.108s] DEBUG:colcon.colcon_core.shell:Skip shell extension 'dsv' for command environment
[6280.339s] INFO:colcon.colcon_core.task.python.build:Building Python package in '/home/pi/turtlebot3_ws/src/turtlebot3/turtlebot3_example'
[6280.357s] INFO:colcon.colcon_core.shell:Skip shell extension 'powershell' for command environment: Not usable outside of PowerShell
[6280.358s] DEBUG:colcon.colcon_core.shell:Skip shell extension 'dsv' for command environment
[6285.207s] DEBUG:colcon.colcon_core.event_handler.log_command:Invoking command in '/home/pi/turtlebot3_ws/build/turtlebot3_example': PYTHONPATH=/home/pi/turtlebot3_ws/build/turtlebot3_example/prefix_override:/home/pi/turtlebot3_ws/install/turtlebot3_example/lib/python3.10/site-packages:${PYTHONPATH} /usr/bin/python3 setup.py develop --editable --build-directory /home/pi/turtlebot3_ws/build/turtlebot3_example/build --no-deps install_data
[6291.118s] Level 1:colcon.colcon_core.shell:create_environment_hook('turtlebot3_example', 'pythonpath_develop')
[6291.130s] INFO:colcon.colcon_core.shell:Creating environment hook '/home/pi/turtlebot3_ws/build/turtlebot3_example/share/turtlebot3_example/hook/pythonpath_develop.ps1'
[6291.131s] DEBUG:colcon.colcon_core.event_handler.log_command:Invoked command in '/home/pi/turtlebot3_ws/build/turtlebot3_example' returned '0': PYTHONPATH=/home/pi/turtlebot3_ws/build/turtlebot3_example/prefix_override:/home/pi/turtlebot3_ws/install/turtlebot3_example/lib/python3.10/site-packages:${PYTHONPATH} /usr/bin/python3 setup.py develop --editable --build-directory /home/pi/turtlebot3_ws/build/turtlebot3_example/build --no-deps install_data
[6291.139s] INFO:colcon.colcon_core.shell:Creating environment descriptor '/home/pi/turtlebot3_ws/build/turtlebot3_example/share/turtlebot3_example/hook/pythonpath_develop.dsv'
[6291.143s] INFO:colcon.colcon_core.shell:Creating environment hook '/home/pi/turtlebot3_ws/build/turtlebot3_example/share/turtlebot3_example/hook/pythonpath_develop.sh'
[6291.167s] Level 1:colcon.colcon_core.environment:checking '/home/pi/turtlebot3_ws/install/turtlebot3_example' for CMake module files
[6291.172s] Level 1:colcon.colcon_core.environment:checking '/home/pi/turtlebot3_ws/install/turtlebot3_example' for CMake config files
[6291.177s] Level 1:colcon.colcon_core.environment:checking '/home/pi/turtlebot3_ws/install/turtlebot3_example/lib'
[6291.179s] Level 1:colcon.colcon_core.environment:checking '/home/pi/turtlebot3_ws/install/turtlebot3_example/bin'
[6291.181s] Level 1:colcon.colcon_core.environment:checking '/home/pi/turtlebot3_ws/install/turtlebot3_example/lib/pkgconfig/turtlebot3_example.pc'
[6291.184s] Level 1:colcon.colcon_core.environment:checking '/home/pi/turtlebot3_ws/install/turtlebot3_example/lib/python3.10/site-packages'
[6291.184s] Level 1:colcon.colcon_core.shell:create_environment_hook('turtlebot3_example', 'pythonpath')
[6291.198s] INFO:colcon.colcon_core.shell:Creating environment hook '/home/pi/turtlebot3_ws/install/turtlebot3_example/share/turtlebot3_example/hook/pythonpath.ps1'
[6291.202s] INFO:colcon.colcon_core.shell:Creating environment descriptor '/home/pi/turtlebot3_ws/install/turtlebot3_example/share/turtlebot3_example/hook/pythonpath.dsv'
[6291.211s] INFO:colcon.colcon_core.shell:Creating environment hook '/home/pi/turtlebot3_ws/install/turtlebot3_example/share/turtlebot3_example/hook/pythonpath.sh'
[6291.217s] Level 1:colcon.colcon_core.environment:checking '/home/pi/turtlebot3_ws/install/turtlebot3_example/bin'
[6291.218s] Level 1:colcon.colcon_core.environment:create_environment_scripts_only(turtlebot3_example)
[6291.233s] INFO:colcon.colcon_core.shell:Creating package script '/home/pi/turtlebot3_ws/install/turtlebot3_example/share/turtlebot3_example/package.ps1'
[6291.239s] INFO:colcon.colcon_core.shell:Creating package descriptor '/home/pi/turtlebot3_ws/install/turtlebot3_example/share/turtlebot3_example/package.dsv'
[6291.244s] INFO:colcon.colcon_core.shell:Creating package script '/home/pi/turtlebot3_ws/install/turtlebot3_example/share/turtlebot3_example/package.sh'
[6291.248s] INFO:colcon.colcon_core.shell:Creating package script '/home/pi/turtlebot3_ws/install/turtlebot3_example/share/turtlebot3_example/package.bash'
[6291.252s] INFO:colcon.colcon_core.shell:Creating package script '/home/pi/turtlebot3_ws/install/turtlebot3_example/share/turtlebot3_example/package.zsh'
[6291.256s] Level 1:colcon.colcon_core.environment:create_file_with_runtime_dependencies(/home/pi/turtlebot3_ws/install/turtlebot3_example/share/colcon-core/packages/turtlebot3_example)
[6291.261s] INFO:colcon.colcon_ros.task.ament_python.build:Building ROS package in '/home/pi/turtlebot3_ws/src/turtlebot3/turtlebot3_teleop' with build type 'ament_python'
[6291.263s] Level 1:colcon.colcon_core.shell:create_environment_hook('turtlebot3_teleop', 'ament_prefix_path')
[6291.279s] INFO:colcon.colcon_core.shell:Creating environment hook '/home/pi/turtlebot3_ws/install/turtlebot3_teleop/share/turtlebot3_teleop/hook/ament_prefix_path.ps1'
[6291.292s] INFO:colcon.colcon_core.shell:Creating environment descriptor '/home/pi/turtlebot3_ws/install/turtlebot3_teleop/share/turtlebot3_teleop/hook/ament_prefix_path.dsv'
[6291.298s] INFO:colcon.colcon_core.shell:Creating environment hook '/home/pi/turtlebot3_ws/install/turtlebot3_teleop/share/turtlebot3_teleop/hook/ament_prefix_path.sh'
[6291.312s] INFO:colcon.colcon_core.shell:Skip shell extension 'powershell' for command environment: Not usable outside of PowerShell
[6291.313s] DEBUG:colcon.colcon_core.shell:Skip shell extension 'dsv' for command environment
[6294.003s] INFO:colcon.colcon_core.task.python.build:Building Python package in '/home/pi/turtlebot3_ws/src/turtlebot3/turtlebot3_teleop'
[6294.018s] INFO:colcon.colcon_core.shell:Skip shell extension 'powershell' for command environment: Not usable outside of PowerShell
[6294.019s] DEBUG:colcon.colcon_core.shell:Skip shell extension 'dsv' for command environment
[6297.607s] DEBUG:colcon.colcon_core.event_handler.log_command:Invoking command in '/home/pi/turtlebot3_ws/build/turtlebot3_teleop': PYTHONPATH=/home/pi/turtlebot3_ws/build/turtlebot3_teleop/prefix_override:/home/pi/turtlebot3_ws/install/turtlebot3_teleop/lib/python3.10/site-packages:${PYTHONPATH} /usr/bin/python3 setup.py develop --editable --build-directory /home/pi/turtlebot3_ws/build/turtlebot3_teleop/build --no-deps install_data
[6302.321s] Level 1:colcon.colcon_core.shell:create_environment_hook('turtlebot3_teleop', 'pythonpath_develop')
[6302.337s] INFO:colcon.colcon_core.shell:Creating environment hook '/home/pi/turtlebot3_ws/build/turtlebot3_teleop/share/turtlebot3_teleop/hook/pythonpath_develop.ps1'
[6302.338s] DEBUG:colcon.colcon_core.event_handler.log_command:Invoked command in '/home/pi/turtlebot3_ws/build/turtlebot3_teleop' returned '0': PYTHONPATH=/home/pi/turtlebot3_ws/build/turtlebot3_teleop/prefix_override:/home/pi/turtlebot3_ws/install/turtlebot3_teleop/lib/python3.10/site-packages:${PYTHONPATH} /usr/bin/python3 setup.py develop --editable --build-directory /home/pi/turtlebot3_ws/build/turtlebot3_teleop/build --no-deps install_data
[6302.346s] INFO:colcon.colcon_core.shell:Creating environment descriptor '/home/pi/turtlebot3_ws/build/turtlebot3_teleop/share/turtlebot3_teleop/hook/pythonpath_develop.dsv'
[6302.349s] INFO:colcon.colcon_core.shell:Creating environment hook '/home/pi/turtlebot3_ws/build/turtlebot3_teleop/share/turtlebot3_teleop/hook/pythonpath_develop.sh'
[6302.371s] Level 1:colcon.colcon_core.environment:checking '/home/pi/turtlebot3_ws/install/turtlebot3_teleop' for CMake module files
[6302.375s] Level 1:colcon.colcon_core.environment:checking '/home/pi/turtlebot3_ws/install/turtlebot3_teleop' for CMake config files
[6302.380s] Level 1:colcon.colcon_core.environment:checking '/home/pi/turtlebot3_ws/install/turtlebot3_teleop/lib'
[6302.381s] Level 1:colcon.colcon_core.environment:checking '/home/pi/turtlebot3_ws/install/turtlebot3_teleop/bin'
[6302.382s] Level 1:colcon.colcon_core.environment:checking '/home/pi/turtlebot3_ws/install/turtlebot3_teleop/lib/pkgconfig/turtlebot3_teleop.pc'
[6302.384s] Level 1:colcon.colcon_core.environment:checking '/home/pi/turtlebot3_ws/install/turtlebot3_teleop/lib/python3.10/site-packages'
[6302.385s] Level 1:colcon.colcon_core.shell:create_environment_hook('turtlebot3_teleop', 'pythonpath')
[6302.400s] INFO:colcon.colcon_core.shell:Creating environment hook '/home/pi/turtlebot3_ws/install/turtlebot3_teleop/share/turtlebot3_teleop/hook/pythonpath.ps1'
[6302.404s] INFO:colcon.colcon_core.shell:Creating environment descriptor '/home/pi/turtlebot3_ws/install/turtlebot3_teleop/share/turtlebot3_teleop/hook/pythonpath.dsv'
[6302.410s] INFO:colcon.colcon_core.shell:Creating environment hook '/home/pi/turtlebot3_ws/install/turtlebot3_teleop/share/turtlebot3_teleop/hook/pythonpath.sh'
[6302.416s] Level 1:colcon.colcon_core.environment:checking '/home/pi/turtlebot3_ws/install/turtlebot3_teleop/bin'
[6302.416s] Level 1:colcon.colcon_core.environment:create_environment_scripts_only(turtlebot3_teleop)
[6302.432s] INFO:colcon.colcon_core.shell:Creating package script '/home/pi/turtlebot3_ws/install/turtlebot3_teleop/share/turtlebot3_teleop/package.ps1'
[6302.436s] INFO:colcon.colcon_core.shell:Creating package descriptor '/home/pi/turtlebot3_ws/install/turtlebot3_teleop/share/turtlebot3_teleop/package.dsv'
[6302.441s] INFO:colcon.colcon_core.shell:Creating package script '/home/pi/turtlebot3_ws/install/turtlebot3_teleop/share/turtlebot3_teleop/package.sh'
[6302.447s] INFO:colcon.colcon_core.shell:Creating package script '/home/pi/turtlebot3_ws/install/turtlebot3_teleop/share/turtlebot3_teleop/package.bash'
[6302.451s] INFO:colcon.colcon_core.shell:Creating package script '/home/pi/turtlebot3_ws/install/turtlebot3_teleop/share/turtlebot3_teleop/package.zsh'
[6302.454s] Level 1:colcon.colcon_core.environment:create_file_with_runtime_dependencies(/home/pi/turtlebot3_ws/install/turtlebot3_teleop/share/colcon-core/packages/turtlebot3_teleop)
[6302.458s] INFO:colcon.colcon_ros.task.ament_cmake.build:Building ROS package in '/home/pi/turtlebot3_ws/src/turtlebot3/turtlebot3_bringup' with build type 'ament_cmake'
[6302.463s] INFO:colcon.colcon_cmake.task.cmake.build:Building CMake package in '/home/pi/turtlebot3_ws/src/turtlebot3/turtlebot3_bringup'
[6302.477s] INFO:colcon.colcon_core.shell:Skip shell extension 'powershell' for command environment: Not usable outside of PowerShell
[6302.478s] DEBUG:colcon.colcon_core.shell:Skip shell extension 'dsv' for command environment
[6302.630s] DEBUG:colcon.colcon_core.event_handler.log_command:Invoking command in '/home/pi/turtlebot3_ws/build/turtlebot3_bringup': CMAKE_PREFIX_PATH=/home/pi/turtlebot3_ws/install/turtlebot3_node:/home/pi/turtlebot3_ws/install/turtlebot3_description:/home/pi/turtlebot3_ws/install/turtlebot3:/home/pi/turtlebot3_ws/install/turtlebot3_bringup:/home/pi/turtlebot3_ws/install/ld08_driver:/home/pi/turtlebot3_ws/install/turtlebot3_teleop:/home/pi/turtlebot3_ws/install/turtlebot3_example:/opt/ros/humble /usr/bin/cmake /home/pi/turtlebot3_ws/src/turtlebot3/turtlebot3_bringup -DAMENT_CMAKE_SYMLINK_INSTALL=1 -DCMAKE_INSTALL_PREFIX=/home/pi/turtlebot3_ws/install/turtlebot3_bringup
[6313.058s] DEBUG:colcon.colcon_core.event_handler.log_command:Invoked command in '/home/pi/turtlebot3_ws/build/turtlebot3_bringup' returned '0': CMAKE_PREFIX_PATH=/home/pi/turtlebot3_ws/install/turtlebot3_node:/home/pi/turtlebot3_ws/install/turtlebot3_description:/home/pi/turtlebot3_ws/install/turtlebot3:/home/pi/turtlebot3_ws/install/turtlebot3_bringup:/home/pi/turtlebot3_ws/install/ld08_driver:/home/pi/turtlebot3_ws/install/turtlebot3_teleop:/home/pi/turtlebot3_ws/install/turtlebot3_example:/opt/ros/humble /usr/bin/cmake /home/pi/turtlebot3_ws/src/turtlebot3/turtlebot3_bringup -DAMENT_CMAKE_SYMLINK_INSTALL=1 -DCMAKE_INSTALL_PREFIX=/home/pi/turtlebot3_ws/install/turtlebot3_bringup
[6313.127s] DEBUG:colcon.colcon_core.event_handler.log_command:Invoking command in '/home/pi/turtlebot3_ws/build/turtlebot3_bringup': CMAKE_PREFIX_PATH=/home/pi/turtlebot3_ws/install/turtlebot3_node:/home/pi/turtlebot3_ws/install/turtlebot3_description:/home/pi/turtlebot3_ws/install/turtlebot3:/home/pi/turtlebot3_ws/install/turtlebot3_bringup:/home/pi/turtlebot3_ws/install/ld08_driver:/home/pi/turtlebot3_ws/install/turtlebot3_teleop:/home/pi/turtlebot3_ws/install/turtlebot3_example:/opt/ros/humble /usr/bin/cmake --build /home/pi/turtlebot3_ws/build/turtlebot3_bringup -- -j4 -l4
[6313.390s] DEBUG:colcon.colcon_core.event_handler.log_command:Invoked command in '/home/pi/turtlebot3_ws/build/turtlebot3_bringup' returned '0': CMAKE_PREFIX_PATH=/home/pi/turtlebot3_ws/install/turtlebot3_node:/home/pi/turtlebot3_ws/install/turtlebot3_description:/home/pi/turtlebot3_ws/install/turtlebot3:/home/pi/turtlebot3_ws/install/turtlebot3_bringup:/home/pi/turtlebot3_ws/install/ld08_driver:/home/pi/turtlebot3_ws/install/turtlebot3_teleop:/home/pi/turtlebot3_ws/install/turtlebot3_example:/opt/ros/humble /usr/bin/cmake --build /home/pi/turtlebot3_ws/build/turtlebot3_bringup -- -j4 -l4
[6313.601s] DEBUG:colcon.colcon_core.event_handler.log_command:Invoking command in '/home/pi/turtlebot3_ws/build/turtlebot3_bringup': CMAKE_PREFIX_PATH=/home/pi/turtlebot3_ws/install/turtlebot3_node:/home/pi/turtlebot3_ws/install/turtlebot3_description:/home/pi/turtlebot3_ws/install/turtlebot3:/home/pi/turtlebot3_ws/install/turtlebot3_bringup:/home/pi/turtlebot3_ws/install/ld08_driver:/home/pi/turtlebot3_ws/install/turtlebot3_teleop:/home/pi/turtlebot3_ws/install/turtlebot3_example:/opt/ros/humble /usr/bin/cmake --install /home/pi/turtlebot3_ws/build/turtlebot3_bringup
[6315.081s] Level 1:colcon.colcon_core.environment:create_environment_scripts_only(turtlebot3_bringup)
[6315.099s] DEBUG:colcon.colcon_core.event_handler.log_command:Invoked command in '/home/pi/turtlebot3_ws/build/turtlebot3_bringup' returned '0': CMAKE_PREFIX_PATH=/home/pi/turtlebot3_ws/install/turtlebot3_node:/home/pi/turtlebot3_ws/install/turtlebot3_description:/home/pi/turtlebot3_ws/install/turtlebot3:/home/pi/turtlebot3_ws/install/turtlebot3_bringup:/home/pi/turtlebot3_ws/install/ld08_driver:/home/pi/turtlebot3_ws/install/turtlebot3_teleop:/home/pi/turtlebot3_ws/install/turtlebot3_example:/opt/ros/humble /usr/bin/cmake --install /home/pi/turtlebot3_ws/build/turtlebot3_bringup
[6315.104s] Level 1:colcon.colcon_core.environment:checking '/home/pi/turtlebot3_ws/install/turtlebot3_bringup' for CMake module files
[6315.111s] Level 1:colcon.colcon_core.environment:checking '/home/pi/turtlebot3_ws/install/turtlebot3_bringup' for CMake config files
[6315.113s] Level 1:colcon.colcon_core.shell:create_environment_hook('turtlebot3_bringup', 'cmake_prefix_path')
[6315.125s] INFO:colcon.colcon_core.shell:Creating environment hook '/home/pi/turtlebot3_ws/install/turtlebot3_bringup/share/turtlebot3_bringup/hook/cmake_prefix_path.ps1'
[6315.129s] INFO:colcon.colcon_core.shell:Creating environment descriptor '/home/pi/turtlebot3_ws/install/turtlebot3_bringup/share/turtlebot3_bringup/hook/cmake_prefix_path.dsv'
[6315.132s] INFO:colcon.colcon_core.shell:Creating environment hook '/home/pi/turtlebot3_ws/install/turtlebot3_bringup/share/turtlebot3_bringup/hook/cmake_prefix_path.sh'
[6315.136s] Level 1:colcon.colcon_core.environment:checking '/home/pi/turtlebot3_ws/install/turtlebot3_bringup/bin'
[6315.140s] Level 1:colcon.colcon_core.environment:checking '/home/pi/turtlebot3_ws/install/turtlebot3_bringup/lib/pkgconfig/turtlebot3_bringup.pc'
[6315.142s] Level 1:colcon.colcon_core.environment:checking '/home/pi/turtlebot3_ws/install/turtlebot3_bringup/lib/python3.10/site-packages'
[6315.144s] Level 1:colcon.colcon_core.environment:checking '/home/pi/turtlebot3_ws/install/turtlebot3_bringup/bin'
[6315.159s] INFO:colcon.colcon_core.shell:Creating package script '/home/pi/turtlebot3_ws/install/turtlebot3_bringup/share/turtlebot3_bringup/package.ps1'
[6315.163s] INFO:colcon.colcon_core.shell:Creating package descriptor '/home/pi/turtlebot3_ws/install/turtlebot3_bringup/share/turtlebot3_bringup/package.dsv'
[6315.168s] INFO:colcon.colcon_core.shell:Creating package script '/home/pi/turtlebot3_ws/install/turtlebot3_bringup/share/turtlebot3_bringup/package.sh'
[6315.171s] INFO:colcon.colcon_core.shell:Creating package script '/home/pi/turtlebot3_ws/install/turtlebot3_bringup/share/turtlebot3_bringup/package.bash'
[6315.175s] INFO:colcon.colcon_core.shell:Creating package script '/home/pi/turtlebot3_ws/install/turtlebot3_bringup/share/turtlebot3_bringup/package.zsh'
[6315.178s] Level 1:colcon.colcon_core.environment:create_file_with_runtime_dependencies(/home/pi/turtlebot3_ws/install/turtlebot3_bringup/share/colcon-core/packages/turtlebot3_bringup)
[6315.385s] Level 1:colcon.colcon_core.environment:create_environment_scripts_only(turtlebot3_bringup)
[6315.402s] Level 1:colcon.colcon_core.environment:checking '/home/pi/turtlebot3_ws/install/turtlebot3_bringup' for CMake module files
[6315.408s] Level 1:colcon.colcon_core.environment:checking '/home/pi/turtlebot3_ws/install/turtlebot3_bringup' for CMake config files
[6315.410s] Level 1:colcon.colcon_core.shell:create_environment_hook('turtlebot3_bringup', 'cmake_prefix_path')
[6315.421s] INFO:colcon.colcon_core.shell:Creating environment hook '/home/pi/turtlebot3_ws/install/turtlebot3_bringup/share/turtlebot3_bringup/hook/cmake_prefix_path.ps1'
[6315.426s] INFO:colcon.colcon_core.shell:Creating environment descriptor '/home/pi/turtlebot3_ws/install/turtlebot3_bringup/share/turtlebot3_bringup/hook/cmake_prefix_path.dsv'
[6315.429s] INFO:colcon.colcon_core.shell:Creating environment hook '/home/pi/turtlebot3_ws/install/turtlebot3_bringup/share/turtlebot3_bringup/hook/cmake_prefix_path.sh'
[6315.434s] Level 1:colcon.colcon_core.environment:checking '/home/pi/turtlebot3_ws/install/turtlebot3_bringup/bin'
[6315.435s] Level 1:colcon.colcon_core.environment:checking '/home/pi/turtlebot3_ws/install/turtlebot3_bringup/lib/pkgconfig/turtlebot3_bringup.pc'
[6315.437s] Level 1:colcon.colcon_core.environment:checking '/home/pi/turtlebot3_ws/install/turtlebot3_bringup/lib/python3.10/site-packages'
[6315.439s] Level 1:colcon.colcon_core.environment:checking '/home/pi/turtlebot3_ws/install/turtlebot3_bringup/bin'
[6315.613s] INFO:colcon.colcon_core.shell:Creating package script '/home/pi/turtlebot3_ws/install/turtlebot3_bringup/share/turtlebot3_bringup/package.ps1'
[6315.619s] INFO:colcon.colcon_core.shell:Creating package descriptor '/home/pi/turtlebot3_ws/install/turtlebot3_bringup/share/turtlebot3_bringup/package.dsv'
[6315.623s] INFO:colcon.colcon_core.shell:Creating package script '/home/pi/turtlebot3_ws/install/turtlebot3_bringup/share/turtlebot3_bringup/package.sh'
[6315.628s] INFO:colcon.colcon_core.shell:Creating package script '/home/pi/turtlebot3_ws/install/turtlebot3_bringup/share/turtlebot3_bringup/package.bash'
[6315.967s] INFO:colcon.colcon_core.shell:Creating package script '/home/pi/turtlebot3_ws/install/turtlebot3_bringup/share/turtlebot3_bringup/package.zsh'
[6315.974s] Level 1:colcon.colcon_core.environment:create_file_with_runtime_dependencies(/home/pi/turtlebot3_ws/install/turtlebot3_bringup/share/colcon-core/packages/turtlebot3_bringup)
[6316.142s] INFO:colcon.colcon_ros.task.ament_cmake.build:Building ROS package in '/home/pi/turtlebot3_ws/src/ld08_driver' with build type 'ament_cmake'
[6316.202s] INFO:colcon.colcon_cmake.task.cmake.build:Building CMake package in '/home/pi/turtlebot3_ws/src/ld08_driver'
[6316.222s] INFO:colcon.colcon_core.shell:Skip shell extension 'powershell' for command environment: Not usable outside of PowerShell
[6316.223s] DEBUG:colcon.colcon_core.shell:Skip shell extension 'dsv' for command environment
[6316.319s] DEBUG:colcon.colcon_core.event_handler.log_command:Invoking command in '/home/pi/turtlebot3_ws/build/ld08_driver': CMAKE_PREFIX_PATH=${CMAKE_PREFIX_PATH}:/home/pi/turtlebot3_ws/install/turtlebot3_teleop:/home/pi/turtlebot3_ws/install/turtlebot3_example:/opt/ros/humble /usr/bin/cmake /home/pi/turtlebot3_ws/src/ld08_driver -DAMENT_CMAKE_SYMLINK_INSTALL=1 -DCMAKE_INSTALL_PREFIX=/home/pi/turtlebot3_ws/install/ld08_driver
[6335.776s] DEBUG:colcon.colcon_core.event_handler.log_command:Invoked command in '/home/pi/turtlebot3_ws/build/ld08_driver' returned '0': CMAKE_PREFIX_PATH=${CMAKE_PREFIX_PATH}:/home/pi/turtlebot3_ws/install/turtlebot3_teleop:/home/pi/turtlebot3_ws/install/turtlebot3_example:/opt/ros/humble /usr/bin/cmake /home/pi/turtlebot3_ws/src/ld08_driver -DAMENT_CMAKE_SYMLINK_INSTALL=1 -DCMAKE_INSTALL_PREFIX=/home/pi/turtlebot3_ws/install/ld08_driver
[6335.801s] DEBUG:colcon.colcon_core.event_handler.log_command:Invoking command in '/home/pi/turtlebot3_ws/build/ld08_driver': CMAKE_PREFIX_PATH=${CMAKE_PREFIX_PATH}:/home/pi/turtlebot3_ws/install/turtlebot3_teleop:/home/pi/turtlebot3_ws/install/turtlebot3_example:/opt/ros/humble /usr/bin/cmake --build /home/pi/turtlebot3_ws/build/ld08_driver -- -j4 -l4
[7163.690s] DEBUG:colcon.colcon_core.event_handler.log_command:Invoked command in '/home/pi/turtlebot3_ws/build/ld08_driver' returned '0': CMAKE_PREFIX_PATH=${CMAKE_PREFIX_PATH}:/home/pi/turtlebot3_ws/install/turtlebot3_teleop:/home/pi/turtlebot3_ws/install/turtlebot3_example:/opt/ros/humble /usr/bin/cmake --build /home/pi/turtlebot3_ws/build/ld08_driver -- -j4 -l4
[7164.491s] DEBUG:colcon.colcon_core.event_handler.log_command:Invoking command in '/home/pi/turtlebot3_ws/build/ld08_driver': CMAKE_PREFIX_PATH=${CMAKE_PREFIX_PATH}:/home/pi/turtlebot3_ws/install/turtlebot3_teleop:/home/pi/turtlebot3_ws/install/turtlebot3_example:/opt/ros/humble /usr/bin/cmake --install /home/pi/turtlebot3_ws/build/ld08_driver
[7166.196s] DEBUG:colcon.colcon_core.event_handler.log_command:Invoked command in '/home/pi/turtlebot3_ws/build/ld08_driver' returned '0': CMAKE_PREFIX_PATH=${CMAKE_PREFIX_PATH}:/home/pi/turtlebot3_ws/install/turtlebot3_teleop:/home/pi/turtlebot3_ws/install/turtlebot3_example:/opt/ros/humble /usr/bin/cmake --install /home/pi/turtlebot3_ws/build/ld08_driver
[7166.197s] Level 1:colcon.colcon_core.environment:create_environment_scripts_only(ld08_driver)
[7166.492s] Level 1:colcon.colcon_core.environment:checking '/home/pi/turtlebot3_ws/install/ld08_driver' for CMake module files
[7166.518s] Level 1:colcon.colcon_core.environment:checking '/home/pi/turtlebot3_ws/install/ld08_driver' for CMake config files
[7166.543s] Level 1:colcon.colcon_core.shell:create_environment_hook('ld08_driver', 'cmake_prefix_path')
[7166.596s] INFO:colcon.colcon_core.shell:Creating environment hook '/home/pi/turtlebot3_ws/install/ld08_driver/share/ld08_driver/hook/cmake_prefix_path.ps1'
[7166.725s] INFO:colcon.colcon_core.shell:Creating environment descriptor '/home/pi/turtlebot3_ws/install/ld08_driver/share/ld08_driver/hook/cmake_prefix_path.dsv'
[7166.766s] INFO:colcon.colcon_core.shell:Creating environment hook '/home/pi/turtlebot3_ws/install/ld08_driver/share/ld08_driver/hook/cmake_prefix_path.sh'
[7166.836s] Level 1:colcon.colcon_core.environment:checking '/home/pi/turtlebot3_ws/install/ld08_driver/lib'
[7166.840s] Level 1:colcon.colcon_core.environment:checking '/home/pi/turtlebot3_ws/install/ld08_driver/bin'
[7166.845s] Level 1:colcon.colcon_core.environment:checking '/home/pi/turtlebot3_ws/install/ld08_driver/lib/pkgconfig/ld08_driver.pc'
[7166.891s] Level 1:colcon.colcon_core.environment:checking '/home/pi/turtlebot3_ws/install/ld08_driver/lib/python3.10/site-packages'
[7166.894s] Level 1:colcon.colcon_core.environment:checking '/home/pi/turtlebot3_ws/install/ld08_driver/bin'
[7166.912s] INFO:colcon.colcon_core.shell:Creating package script '/home/pi/turtlebot3_ws/install/ld08_driver/share/ld08_driver/package.ps1'
[7166.933s] INFO:colcon.colcon_core.shell:Creating package descriptor '/home/pi/turtlebot3_ws/install/ld08_driver/share/ld08_driver/package.dsv'
[7166.941s] INFO:colcon.colcon_core.shell:Creating package script '/home/pi/turtlebot3_ws/install/ld08_driver/share/ld08_driver/package.sh'
[7166.948s] INFO:colcon.colcon_core.shell:Creating package script '/home/pi/turtlebot3_ws/install/ld08_driver/share/ld08_driver/package.bash'
[7166.966s] INFO:colcon.colcon_core.shell:Creating package script '/home/pi/turtlebot3_ws/install/ld08_driver/share/ld08_driver/package.zsh'
[7166.983s] Level 1:colcon.colcon_core.environment:create_file_with_runtime_dependencies(/home/pi/turtlebot3_ws/install/ld08_driver/share/colcon-core/packages/ld08_driver)
[7167.365s] Level 1:colcon.colcon_core.environment:create_environment_scripts_only(ld08_driver)
[7167.383s] Level 1:colcon.colcon_core.environment:checking '/home/pi/turtlebot3_ws/install/ld08_driver' for CMake module files
[7167.389s] Level 1:colcon.colcon_core.environment:checking '/home/pi/turtlebot3_ws/install/ld08_driver' for CMake config files
[7167.394s] Level 1:colcon.colcon_core.shell:create_environment_hook('ld08_driver', 'cmake_prefix_path')
[7167.405s] INFO:colcon.colcon_core.shell:Creating environment hook '/home/pi/turtlebot3_ws/install/ld08_driver/share/ld08_driver/hook/cmake_prefix_path.ps1'
[7167.408s] INFO:colcon.colcon_core.shell:Creating environment descriptor '/home/pi/turtlebot3_ws/install/ld08_driver/share/ld08_driver/hook/cmake_prefix_path.dsv'
[7167.412s] INFO:colcon.colcon_core.shell:Creating environment hook '/home/pi/turtlebot3_ws/install/ld08_driver/share/ld08_driver/hook/cmake_prefix_path.sh'
[7167.417s] Level 1:colcon.colcon_core.environment:checking '/home/pi/turtlebot3_ws/install/ld08_driver/lib'
[7167.583s] Level 1:colcon.colcon_core.environment:checking '/home/pi/turtlebot3_ws/install/ld08_driver/bin'
[7167.584s] Level 1:colcon.colcon_core.environment:checking '/home/pi/turtlebot3_ws/install/ld08_driver/lib/pkgconfig/ld08_driver.pc'
[7167.668s] Level 1:colcon.colcon_core.environment:checking '/home/pi/turtlebot3_ws/install/ld08_driver/lib/python3.10/site-packages'
[7167.672s] Level 1:colcon.colcon_core.environment:checking '/home/pi/turtlebot3_ws/install/ld08_driver/bin'
[7167.688s] INFO:colcon.colcon_core.shell:Creating package script '/home/pi/turtlebot3_ws/install/ld08_driver/share/ld08_driver/package.ps1'
[7167.693s] INFO:colcon.colcon_core.shell:Creating package descriptor '/home/pi/turtlebot3_ws/install/ld08_driver/share/ld08_driver/package.dsv'
[7167.698s] INFO:colcon.colcon_core.shell:Creating package script '/home/pi/turtlebot3_ws/install/ld08_driver/share/ld08_driver/package.sh'
[7167.702s] INFO:colcon.colcon_core.shell:Creating package script '/home/pi/turtlebot3_ws/install/ld08_driver/share/ld08_driver/package.bash'
[7167.705s] INFO:colcon.colcon_core.shell:Creating package script '/home/pi/turtlebot3_ws/install/ld08_driver/share/ld08_driver/package.zsh'
[7167.871s] Level 1:colcon.colcon_core.environment:create_file_with_runtime_dependencies(/home/pi/turtlebot3_ws/install/ld08_driver/share/colcon-core/packages/ld08_driver)
[7168.190s] INFO:colcon.colcon_ros.task.ament_cmake.build:Building ROS package in '/home/pi/turtlebot3_ws/src/turtlebot3/turtlebot3' with build type 'ament_cmake'
[7168.201s] INFO:colcon.colcon_cmake.task.cmake.build:Building CMake package in '/home/pi/turtlebot3_ws/src/turtlebot3/turtlebot3'
[7168.240s] INFO:colcon.colcon_core.shell:Skip shell extension 'powershell' for command environment: Not usable outside of PowerShell
[7168.240s] DEBUG:colcon.colcon_core.shell:Skip shell extension 'dsv' for command environment
[7168.634s] DEBUG:colcon.colcon_core.event_handler.log_command:Invoking command in '/home/pi/turtlebot3_ws/build/turtlebot3': AMENT_PREFIX_PATH=/home/pi/turtlebot3_ws/install/turtlebot3_teleop:/home/pi/turtlebot3_ws/install/turtlebot3_example:/home/pi/turtlebot3_ws/install/turtlebot3:/home/pi/turtlebot3_ws/install/turtlebot3_bringup:/home/pi/turtlebot3_ws/install/turtlebot3_node:/home/pi/turtlebot3_ws/install/turtlebot3_description:/home/pi/turtlebot3_ws/install/ld08_driver:/opt/ros/humble CMAKE_PREFIX_PATH=/home/pi/turtlebot3_ws/install/turtlebot3_bringup:/home/pi/turtlebot3_ws/install/turtlebot3_node:/home/pi/turtlebot3_ws/install/turtlebot3_description:/home/pi/turtlebot3_ws/install/turtlebot3:/home/pi/turtlebot3_ws/install/ld08_driver:/home/pi/turtlebot3_ws/install/turtlebot3_teleop:/home/pi/turtlebot3_ws/install/turtlebot3_example:/opt/ros/humble /usr/bin/cmake /home/pi/turtlebot3_ws/src/turtlebot3/turtlebot3 -DAMENT_CMAKE_SYMLINK_INSTALL=1 -DCMAKE_INSTALL_PREFIX=/home/pi/turtlebot3_ws/install/turtlebot3
[7180.876s] DEBUG:colcon.colcon_core.event_handler.log_command:Invoked command in '/home/pi/turtlebot3_ws/build/turtlebot3' returned '0': AMENT_PREFIX_PATH=/home/pi/turtlebot3_ws/install/turtlebot3_teleop:/home/pi/turtlebot3_ws/install/turtlebot3_example:/home/pi/turtlebot3_ws/install/turtlebot3:/home/pi/turtlebot3_ws/install/turtlebot3_bringup:/home/pi/turtlebot3_ws/install/turtlebot3_node:/home/pi/turtlebot3_ws/install/turtlebot3_description:/home/pi/turtlebot3_ws/install/ld08_driver:/opt/ros/humble CMAKE_PREFIX_PATH=/home/pi/turtlebot3_ws/install/turtlebot3_bringup:/home/pi/turtlebot3_ws/install/turtlebot3_node:/home/pi/turtlebot3_ws/install/turtlebot3_description:/home/pi/turtlebot3_ws/install/turtlebot3:/home/pi/turtlebot3_ws/install/ld08_driver:/home/pi/turtlebot3_ws/install/turtlebot3_teleop:/home/pi/turtlebot3_ws/install/turtlebot3_example:/opt/ros/humble /usr/bin/cmake /home/pi/turtlebot3_ws/src/turtlebot3/turtlebot3 -DAMENT_CMAKE_SYMLINK_INSTALL=1 -DCMAKE_INSTALL_PREFIX=/home/pi/turtlebot3_ws/install/turtlebot3
[7181.214s] DEBUG:colcon.colcon_core.event_handler.log_command:Invoking command in '/home/pi/turtlebot3_ws/build/turtlebot3': AMENT_PREFIX_PATH=/home/pi/turtlebot3_ws/install/turtlebot3_teleop:/home/pi/turtlebot3_ws/install/turtlebot3_example:/home/pi/turtlebot3_ws/install/turtlebot3:/home/pi/turtlebot3_ws/install/turtlebot3_bringup:/home/pi/turtlebot3_ws/install/turtlebot3_node:/home/pi/turtlebot3_ws/install/turtlebot3_description:/home/pi/turtlebot3_ws/install/ld08_driver:/opt/ros/humble CMAKE_PREFIX_PATH=/home/pi/turtlebot3_ws/install/turtlebot3_bringup:/home/pi/turtlebot3_ws/install/turtlebot3_node:/home/pi/turtlebot3_ws/install/turtlebot3_description:/home/pi/turtlebot3_ws/install/turtlebot3:/home/pi/turtlebot3_ws/install/ld08_driver:/home/pi/turtlebot3_ws/install/turtlebot3_teleop:/home/pi/turtlebot3_ws/install/turtlebot3_example:/opt/ros/humble /usr/bin/cmake --build /home/pi/turtlebot3_ws/build/turtlebot3 -- -j4 -l4
[7181.481s] DEBUG:colcon.colcon_core.event_handler.log_command:Invoked command in '/home/pi/turtlebot3_ws/build/turtlebot3' returned '0': AMENT_PREFIX_PATH=/home/pi/turtlebot3_ws/install/turtlebot3_teleop:/home/pi/turtlebot3_ws/install/turtlebot3_example:/home/pi/turtlebot3_ws/install/turtlebot3:/home/pi/turtlebot3_ws/install/turtlebot3_bringup:/home/pi/turtlebot3_ws/install/turtlebot3_node:/home/pi/turtlebot3_ws/install/turtlebot3_description:/home/pi/turtlebot3_ws/install/ld08_driver:/opt/ros/humble CMAKE_PREFIX_PATH=/home/pi/turtlebot3_ws/install/turtlebot3_bringup:/home/pi/turtlebot3_ws/install/turtlebot3_node:/home/pi/turtlebot3_ws/install/turtlebot3_description:/home/pi/turtlebot3_ws/install/turtlebot3:/home/pi/turtlebot3_ws/install/ld08_driver:/home/pi/turtlebot3_ws/install/turtlebot3_teleop:/home/pi/turtlebot3_ws/install/turtlebot3_example:/opt/ros/humble /usr/bin/cmake --build /home/pi/turtlebot3_ws/build/turtlebot3 -- -j4 -l4
[7181.691s] DEBUG:colcon.colcon_core.event_handler.log_command:Invoking command in '/home/pi/turtlebot3_ws/build/turtlebot3': AMENT_PREFIX_PATH=/home/pi/turtlebot3_ws/install/turtlebot3_teleop:/home/pi/turtlebot3_ws/install/turtlebot3_example:/home/pi/turtlebot3_ws/install/turtlebot3:/home/pi/turtlebot3_ws/install/turtlebot3_bringup:/home/pi/turtlebot3_ws/install/turtlebot3_node:/home/pi/turtlebot3_ws/install/turtlebot3_description:/home/pi/turtlebot3_ws/install/ld08_driver:/opt/ros/humble CMAKE_PREFIX_PATH=/home/pi/turtlebot3_ws/install/turtlebot3_bringup:/home/pi/turtlebot3_ws/install/turtlebot3_node:/home/pi/turtlebot3_ws/install/turtlebot3_description:/home/pi/turtlebot3_ws/install/turtlebot3:/home/pi/turtlebot3_ws/install/ld08_driver:/home/pi/turtlebot3_ws/install/turtlebot3_teleop:/home/pi/turtlebot3_ws/install/turtlebot3_example:/opt/ros/humble /usr/bin/cmake --install /home/pi/turtlebot3_ws/build/turtlebot3
[7182.670s] Level 1:colcon.colcon_core.environment:create_environment_scripts_only(turtlebot3)
[7182.689s] DEBUG:colcon.colcon_core.event_handler.log_command:Invoked command in '/home/pi/turtlebot3_ws/build/turtlebot3' returned '0': AMENT_PREFIX_PATH=/home/pi/turtlebot3_ws/install/turtlebot3_teleop:/home/pi/turtlebot3_ws/install/turtlebot3_example:/home/pi/turtlebot3_ws/install/turtlebot3:/home/pi/turtlebot3_ws/install/turtlebot3_bringup:/home/pi/turtlebot3_ws/install/turtlebot3_node:/home/pi/turtlebot3_ws/install/turtlebot3_description:/home/pi/turtlebot3_ws/install/ld08_driver:/opt/ros/humble CMAKE_PREFIX_PATH=/home/pi/turtlebot3_ws/install/turtlebot3_bringup:/home/pi/turtlebot3_ws/install/turtlebot3_node:/home/pi/turtlebot3_ws/install/turtlebot3_description:/home/pi/turtlebot3_ws/install/turtlebot3:/home/pi/turtlebot3_ws/install/ld08_driver:/home/pi/turtlebot3_ws/install/turtlebot3_teleop:/home/pi/turtlebot3_ws/install/turtlebot3_example:/opt/ros/humble /usr/bin/cmake --install /home/pi/turtlebot3_ws/build/turtlebot3
[7182.696s] Level 1:colcon.colcon_core.environment:checking '/home/pi/turtlebot3_ws/install/turtlebot3' for CMake module files
[7182.701s] Level 1:colcon.colcon_core.environment:checking '/home/pi/turtlebot3_ws/install/turtlebot3' for CMake config files
[7182.703s] Level 1:colcon.colcon_core.shell:create_environment_hook('turtlebot3', 'cmake_prefix_path')
[7182.716s] INFO:colcon.colcon_core.shell:Creating environment hook '/home/pi/turtlebot3_ws/install/turtlebot3/share/turtlebot3/hook/cmake_prefix_path.ps1'
[7182.719s] INFO:colcon.colcon_core.shell:Creating environment descriptor '/home/pi/turtlebot3_ws/install/turtlebot3/share/turtlebot3/hook/cmake_prefix_path.dsv'
[7182.722s] INFO:colcon.colcon_core.shell:Creating environment hook '/home/pi/turtlebot3_ws/install/turtlebot3/share/turtlebot3/hook/cmake_prefix_path.sh'
[7182.727s] Level 1:colcon.colcon_core.environment:checking '/home/pi/turtlebot3_ws/install/turtlebot3/bin'
[7182.731s] Level 1:colcon.colcon_core.environment:checking '/home/pi/turtlebot3_ws/install/turtlebot3/lib/pkgconfig/turtlebot3.pc'
[7182.733s] Level 1:colcon.colcon_core.environment:checking '/home/pi/turtlebot3_ws/install/turtlebot3/lib/python3.10/site-packages'
[7182.736s] Level 1:colcon.colcon_core.environment:checking '/home/pi/turtlebot3_ws/install/turtlebot3/bin'
[7182.748s] INFO:colcon.colcon_core.shell:Creating package script '/home/pi/turtlebot3_ws/install/turtlebot3/share/turtlebot3/package.ps1'
[7182.752s] INFO:colcon.colcon_core.shell:Creating package descriptor '/home/pi/turtlebot3_ws/install/turtlebot3/share/turtlebot3/package.dsv'
[7182.758s] INFO:colcon.colcon_core.shell:Creating package script '/home/pi/turtlebot3_ws/install/turtlebot3/share/turtlebot3/package.sh'
[7182.761s] INFO:colcon.colcon_core.shell:Creating package script '/home/pi/turtlebot3_ws/install/turtlebot3/share/turtlebot3/package.bash'
[7182.765s] INFO:colcon.colcon_core.shell:Creating package script '/home/pi/turtlebot3_ws/install/turtlebot3/share/turtlebot3/package.zsh'
[7182.768s] Level 1:colcon.colcon_core.environment:create_file_with_runtime_dependencies(/home/pi/turtlebot3_ws/install/turtlebot3/share/colcon-core/packages/turtlebot3)
[7182.992s] Level 1:colcon.colcon_core.environment:create_environment_scripts_only(turtlebot3)
[7183.016s] Level 1:colcon.colcon_core.environment:checking '/home/pi/turtlebot3_ws/install/turtlebot3' for CMake module files
[7183.022s] Level 1:colcon.colcon_core.environment:checking '/home/pi/turtlebot3_ws/install/turtlebot3' for CMake config files
[7183.025s] Level 1:colcon.colcon_core.shell:create_environment_hook('turtlebot3', 'cmake_prefix_path')
[7183.043s] INFO:colcon.colcon_core.shell:Creating environment hook '/home/pi/turtlebot3_ws/install/turtlebot3/share/turtlebot3/hook/cmake_prefix_path.ps1'
[7183.049s] INFO:colcon.colcon_core.shell:Creating environment descriptor '/home/pi/turtlebot3_ws/install/turtlebot3/share/turtlebot3/hook/cmake_prefix_path.dsv'
[7183.054s] INFO:colcon.colcon_core.shell:Creating environment hook '/home/pi/turtlebot3_ws/install/turtlebot3/share/turtlebot3/hook/cmake_prefix_path.sh'
[7183.061s] Level 1:colcon.colcon_core.environment:checking '/home/pi/turtlebot3_ws/install/turtlebot3/bin'
[7183.062s] Level 1:colcon.colcon_core.environment:checking '/home/pi/turtlebot3_ws/install/turtlebot3/lib/pkgconfig/turtlebot3.pc'
[7183.065s] Level 1:colcon.colcon_core.environment:checking '/home/pi/turtlebot3_ws/install/turtlebot3/lib/python3.10/site-packages'
[7183.068s] Level 1:colcon.colcon_core.environment:checking '/home/pi/turtlebot3_ws/install/turtlebot3/bin'
[7183.085s] INFO:colcon.colcon_core.shell:Creating package script '/home/pi/turtlebot3_ws/install/turtlebot3/share/turtlebot3/package.ps1'
[7183.091s] INFO:colcon.colcon_core.shell:Creating package descriptor '/home/pi/turtlebot3_ws/install/turtlebot3/share/turtlebot3/package.dsv'
[7183.097s] INFO:colcon.colcon_core.shell:Creating package script '/home/pi/turtlebot3_ws/install/turtlebot3/share/turtlebot3/package.sh'
[7183.103s] INFO:colcon.colcon_core.shell:Creating package script '/home/pi/turtlebot3_ws/install/turtlebot3/share/turtlebot3/package.bash'
[7183.108s] INFO:colcon.colcon_core.shell:Creating package script '/home/pi/turtlebot3_ws/install/turtlebot3/share/turtlebot3/package.zsh'
[7183.113s] Level 1:colcon.colcon_core.environment:create_file_with_runtime_dependencies(/home/pi/turtlebot3_ws/install/turtlebot3/share/colcon-core/packages/turtlebot3)
[7183.397s] DEBUG:colcon.colcon_parallel_executor.executor.parallel:closing loop
[7183.421s] DEBUG:colcon.colcon_parallel_executor.executor.parallel:loop closed
[7183.428s] DEBUG:colcon.colcon_parallel_executor.executor.parallel:run_until_complete finished with '0'
[7183.435s] DEBUG:colcon.colcon_core.event_reactor:joining thread
[7185.524s] INFO:colcon.colcon_core.plugin_system:Skipping extension 'colcon_notification.desktop_notification.notify_send': Could not find 'notify-send'
[7185.527s] INFO:colcon.colcon_core.plugin_system:Skipping extension 'colcon_notification.desktop_notification.terminal_notifier': Not used on non-Darwin systems
[7185.528s] INFO:colcon.colcon_core.plugin_system:Skipping extension 'colcon_notification.desktop_notification.win32': Not used on non-Windows systems
[7185.528s] INFO:colcon.colcon_notification.desktop_notification:Sending desktop notification using 'notify2'
[7189.476s] DEBUG:colcon.colcon_notification.desktop_notification.notify2:Failed to initialize notify2: org.freedesktop.DBus.Error.ServiceUnknown: The name org.freedesktop.Notifications was not provided by any .service files
[7189.479s] DEBUG:colcon.colcon_core.event_reactor:joined thread
[7189.506s] INFO:colcon.colcon_core.shell:Creating prefix script '/home/pi/turtlebot3_ws/install/local_setup.ps1'
[7189.529s] INFO:colcon.colcon_core.shell:Creating prefix util module '/home/pi/turtlebot3_ws/install/_local_setup_util_ps1.py'
[7189.549s] INFO:colcon.colcon_core.shell:Creating prefix chain script '/home/pi/turtlebot3_ws/install/setup.ps1'
[7189.568s] INFO:colcon.colcon_core.shell:Creating prefix script '/home/pi/turtlebot3_ws/install/local_setup.sh'
[7189.578s] INFO:colcon.colcon_core.shell:Creating prefix util module '/home/pi/turtlebot3_ws/install/_local_setup_util_sh.py'
[7189.584s] INFO:colcon.colcon_core.shell:Creating prefix chain script '/home/pi/turtlebot3_ws/install/setup.sh'
[7189.690s] INFO:colcon.colcon_core.shell:Creating prefix script '/home/pi/turtlebot3_ws/install/local_setup.bash'
[7189.697s] INFO:colcon.colcon_core.shell:Creating prefix chain script '/home/pi/turtlebot3_ws/install/setup.bash'
[7189.721s] INFO:colcon.colcon_core.shell:Creating prefix script '/home/pi/turtlebot3_ws/install/local_setup.zsh'
[7189.728s] INFO:colcon.colcon_core.shell:Creating prefix chain script '/home/pi/turtlebot3_ws/install/setup.zsh'
