-- The C compiler identification is GNU 11.4.0
-- The CXX compiler identification is GNU 11.4.0
-- Detecting C compiler ABI info
-- Detecting C compiler ABI info - done
-- Check for working C compiler: /usr/bin/cc - skipped
-- Detecting C compile features
-- Detecting C compile features - done
-- Detecting CXX compiler ABI info
-- Detecting CXX compiler ABI info - done
-- Check for working CXX compiler: /usr/bin/c++ - skipped
-- Detecting CXX compile features
-- Detecting CXX compile features - done
-- Found ament_cmake: 1.3.5 (/opt/ros/humble/share/ament_cmake/cmake)
-- Found Python3: /usr/bin/python3.10 (found version "3.10.12") found components: Interpreter 
-- Override CMake install command with custom implementation using symlinks instead of copying resources
-- Found rclcpp: 16.0.5 (/opt/ros/humble/share/rclcpp/cmake)
-- Found rosidl_generator_c: 3.1.5 (/opt/ros/humble/share/rosidl_generator_c/cmake)
-- Found rosidl_adapter: 3.1.5 (/opt/ros/humble/share/rosidl_adapter/cmake)
-- Found rosidl_generator_cpp: 3.1.5 (/opt/ros/humble/share/rosidl_generator_cpp/cmake)
-- Using all available rosidl_typesupport_c: rosidl_typesupport_fastrtps_c;rosidl_typesupport_introspection_c
-- Using all available rosidl_typesupport_cpp: rosidl_typesupport_fastrtps_cpp;rosidl_typesupport_introspection_cpp
-- Found rmw_implementation_cmake: 6.1.1 (/opt/ros/humble/share/rmw_implementation_cmake/cmake)
-- Found rmw_fastrtps_cpp: 6.2.3 (/opt/ros/humble/share/rmw_fastrtps_cpp/cmake)
-- Found OpenSSL: /usr/lib/aarch64-linux-gnu/libcrypto.so (found version "3.0.2")  
-- Found FastRTPS: /opt/ros/humble/include  
-- Using RMW implementation 'rmw_fastrtps_cpp' as default
-- Looking for pthread.h
-- Looking for pthread.h - found
-- Performing Test CMAKE_HAVE_LIBC_PTHREAD
-- Performing Test CMAKE_HAVE_LIBC_PTHREAD - Success
-- Found Threads: TRUE  
-- Found geometry_msgs: 4.2.3 (/opt/ros/humble/share/geometry_msgs/cmake)
-- Configuring done
-- Generating done
-- Build files have been written to: /home/pi/code/build/rb3_package_cpp
[ 50%] [32mBuilding CXX object CMakeFiles/rb3_node_cpp.dir/src/rb3_node_cpp.cpp.o[0m
[100%] [32m[1mLinking CXX executable rb3_node_cpp[0m
[100%] Built target rb3_node_cpp
-- Install configuration: ""
-- Execute custom install script
-- Symlinking: /home/pi/code/install/rb3_package_cpp/lib/rb3_package_cpp/rb3_node_cpp
-- Symlinking: /home/pi/code/install/rb3_package_cpp/share/ament_index/resource_index/package_run_dependencies/rb3_package_cpp
-- Symlinking: /home/pi/code/install/rb3_package_cpp/share/ament_index/resource_index/parent_prefix_path/rb3_package_cpp
-- Symlinking: /home/pi/code/install/rb3_package_cpp/share/rb3_package_cpp/environment/ament_prefix_path.sh
-- Symlinking: /home/pi/code/install/rb3_package_cpp/share/rb3_package_cpp/environment/ament_prefix_path.dsv
-- Symlinking: /home/pi/code/install/rb3_package_cpp/share/rb3_package_cpp/environment/path.sh
-- Symlinking: /home/pi/code/install/rb3_package_cpp/share/rb3_package_cpp/environment/path.dsv
-- Symlinking: /home/pi/code/install/rb3_package_cpp/share/rb3_package_cpp/local_setup.bash
-- Symlinking: /home/pi/code/install/rb3_package_cpp/share/rb3_package_cpp/local_setup.sh
-- Symlinking: /home/pi/code/install/rb3_package_cpp/share/rb3_package_cpp/local_setup.zsh
-- Symlinking: /home/pi/code/install/rb3_package_cpp/share/rb3_package_cpp/local_setup.dsv
-- Symlinking: /home/pi/code/install/rb3_package_cpp/share/rb3_package_cpp/package.dsv
-- Symlinking: /home/pi/code/install/rb3_package_cpp/share/ament_index/resource_index/packages/rb3_package_cpp
-- Symlinking: /home/pi/code/install/rb3_package_cpp/share/rb3_package_cpp/cmake/rb3_package_cppConfig.cmake
-- Symlinking: /home/pi/code/install/rb3_package_cpp/share/rb3_package_cpp/cmake/rb3_package_cppConfig-version.cmake
-- Symlinking: /home/pi/code/install/rb3_package_cpp/share/rb3_package_cpp/package.xml
