[6.229s] Invoking command in '/home/pi/code/build/rb3_package': PYTHONPATH=/home/pi/code/build/rb3_package/prefix_override:/home/pi/code/install/rb3_package/lib/python3.10/site-packages:${PYTHONPATH} /usr/bin/python3 setup.py develop --editable --build-directory /home/pi/code/build/rb3_package/build --no-deps install_data
[9.723s] running develop
[9.726s] /usr/lib/python3/dist-packages/setuptools/command/easy_install.py:158: EasyInstallDeprecationWarning: easy_install command is deprecated. Use build and pip and other standards-based tools.
[9.728s]   warnings.warn(
[11.715s] /usr/lib/python3/dist-packages/setuptools/command/install.py:34: SetuptoolsDeprecationWarning: setup.py install is deprecated. Use build and pip and other standards-based tools.
[11.716s]   warnings.warn(
[14.035s] running egg_info
[14.037s] creating rb3_package.egg-info
[14.038s] writing rb3_package.egg-info/PKG-INFO
[14.040s] writing dependency_links to rb3_package.egg-info/dependency_links.txt
[14.041s] writing entry points to rb3_package.egg-info/entry_points.txt
[14.041s] writing requirements to rb3_package.egg-info/requires.txt
[14.043s] writing top-level names to rb3_package.egg-info/top_level.txt
[14.044s] writing manifest file 'rb3_package.egg-info/SOURCES.txt'
[14.055s] reading manifest file 'rb3_package.egg-info/SOURCES.txt'
[14.060s] writing manifest file 'rb3_package.egg-info/SOURCES.txt'
[14.071s] running build_ext
[14.073s] Creating /home/pi/code/install/rb3_package/lib/python3.10/site-packages/rb3-package.egg-link (link to .)
[14.081s] Installing rb3_node script to /home/pi/code/install/rb3_package/lib/rb3_package
[14.083s] 
[14.085s] Installed /home/pi/code/build/rb3_package
[14.087s] running install_data
[14.088s] creating /home/pi/code/install/rb3_package/share/ament_index
[14.089s] creating /home/pi/code/install/rb3_package/share/ament_index/resource_index
[14.090s] creating /home/pi/code/install/rb3_package/share/ament_index/resource_index/packages
[14.092s] copying resource/rb3_package -> /home/pi/code/install/rb3_package/share/ament_index/resource_index/packages
[14.093s] copying package.xml -> /home/pi/code/install/rb3_package/share/rb3_package
[14.393s] Invoked command in '/home/pi/code/build/rb3_package' returned '0': PYTHONPATH=/home/pi/code/build/rb3_package/prefix_override:/home/pi/code/install/rb3_package/lib/python3.10/site-packages:${PYTHONPATH} /usr/bin/python3 setup.py develop --editable --build-directory /home/pi/code/build/rb3_package/build --no-deps install_data
